2024-05-06T19:09:17.8330397-03:00  [INF] Now listening on: "http://localhost:5293" (d826f4b8)
2024-05-06T19:09:17.8470367-03:00  [INF] Application started. Press Ctrl+C to shut down. (dcaefe54)
2024-05-06T19:09:17.8510908-03:00  [INF] Hosting environment: "Development" (bc5a1a4e)
2024-05-06T19:09:17.8542958-03:00  [INF] Content root path: "C:\Users\João\source\repos\ParadigmasT2\ApiWebDB" (cc26f24e)
2024-05-06T19:09:20.1375419-03:00 0HN3E34M8C317:00000001 [INF] Request starting "HTTP/1.1" "GET" "http"://"localhost:5293""""/swagger/index.html""" - null null (d509f86a)
2024-05-06T19:09:21.2155972-03:00 0HN3E34M8C317:00000001 [INF] Request finished "HTTP/1.1" "GET" "http"://"localhost:5293""""/swagger/index.html""" - 200 null "text/html;charset=utf-8" 1090.5083ms (74253ad3)
2024-05-06T19:09:21.2256152-03:00 0HN3E34M8C318:00000001 [INF] Request starting "HTTP/1.1" "GET" "http"://"localhost:5293""""/_vs/browserLink""" - null null (d509f86a)
2024-05-06T19:09:21.2256156-03:00 0HN3E34M8C317:00000002 [INF] Request starting "HTTP/1.1" "GET" "http"://"localhost:5293""""/_framework/aspnetcore-browser-refresh.js""" - null null (d509f86a)
2024-05-06T19:09:21.2286059-03:00 0HN3E34M8C317:00000002 [INF] Request finished "HTTP/1.1" "GET" "http"://"localhost:5293""""/_framework/aspnetcore-browser-refresh.js""" - 200 13752 "application/javascript; charset=utf-8" 3.0024ms (74253ad3)
2024-05-06T19:09:21.3213794-03:00 0HN3E34M8C318:00000001 [INF] Request finished "HTTP/1.1" "GET" "http"://"localhost:5293""""/_vs/browserLink""" - 200 null "text/javascript; charset=UTF-8" 95.9393ms (74253ad3)
2024-05-06T19:09:21.4713083-03:00 0HN3E34M8C318:00000002 [INF] Request starting "HTTP/1.1" "GET" "http"://"localhost:5293""""/swagger/v1/swagger.json""" - null null (d509f86a)
2024-05-06T19:09:21.6898529-03:00 0HN3E34M8C318:00000002 [INF] Request finished "HTTP/1.1" "GET" "http"://"localhost:5293""""/swagger/v1/swagger.json""" - 200 null "application/json;charset=utf-8" 218.6094ms (74253ad3)
2024-05-06T19:10:04.5873694-03:00 0HN3E34M8C319:00000001 [INF] Request starting "HTTP/1.1" "POST" "http"://"localhost:5293""""/api/Enderecos""" - "application/json" 197 (d509f86a)
2024-05-06T19:10:04.6099963-03:00 0HN3E34M8C319:00000001 [INF] Executing endpoint '"ApiWebDB.Controllers.EnderecosController.Insert (ApiWebDB)"' (500cc934)
2024-05-06T19:10:04.6789940-03:00 0HN3E34M8C319:00000001 [INF] Route matched with "{action = \"Insert\", controller = \"Enderecos\"}". Executing controller action with signature "Microsoft.AspNetCore.Mvc.ActionResult`1[APIWebDB.BaseDados.Models.TbEndereco] Insert(ApiWebDB.Services.DTOs.EnderecoDTO)" on controller "ApiWebDB.Controllers.EnderecosController" ("ApiWebDB"). (122b2fdf)
2024-05-06T19:10:08.2022340-03:00 0HN3E34M8C319:00000001 [INF] Executed DbCommand ("107"ms) [Parameters=["@p0='?', @p1='?' (DbType = Int32), @p2='?', @p3='?' (DbType = Int32), @p4='?', @p5='?', @p6='?', @p7='?' (DbType = Int32), @p8='?'"], CommandType='Text', CommandTimeout='30']"
""INSERT INTO tb_enderecos (bairro, cep, cidade, clienteid, complemento, logradouro, numero, status, uf)
VALUES (@p0, @p1, @p2, @p3, @p4, @p5, @p6, @p7, @p8)
RETURNING id;" (0723d8ff)
2024-05-06T19:10:08.2879418-03:00 0HN3E34M8C319:00000001 [INF] Executing "OkObjectResult", writing value of type '"APIWebDB.BaseDados.Models.TbEndereco"'. (605b4265)
2024-05-06T19:10:08.3148185-03:00 0HN3E34M8C319:00000001 [INF] Executed action "ApiWebDB.Controllers.EnderecosController.Insert (ApiWebDB)" in 3628.9563ms (afa2e885)
2024-05-06T19:10:08.3150117-03:00 0HN3E34M8C319:00000001 [INF] Executed endpoint '"ApiWebDB.Controllers.EnderecosController.Insert (ApiWebDB)"' (99874f2b)
2024-05-06T19:10:08.3303946-03:00 0HN3E34M8C319:00000001 [INF] Request finished "HTTP/1.1" "POST" "http"://"localhost:5293""""/api/Enderecos""" - 200 null "application/json; charset=utf-8" 3743.156ms (74253ad3)
2024-05-06T21:01:33.8965755-03:00  [INF] Now listening on: "http://localhost:5293" (d826f4b8)
2024-05-06T21:01:33.9143660-03:00  [INF] Application started. Press Ctrl+C to shut down. (dcaefe54)
2024-05-06T21:01:33.9290245-03:00  [INF] Hosting environment: "Development" (bc5a1a4e)
2024-05-06T21:01:33.9323412-03:00  [INF] Content root path: "C:\Users\João\source\repos\ParadigmasT2\ApiWebDB" (cc26f24e)
2024-05-06T21:01:35.8161830-03:00 0HN3E53DNOD2I:00000001 [INF] Request starting "HTTP/1.1" "GET" "http"://"localhost:5293""""/swagger/index.html""" - null null (d509f86a)
2024-05-06T21:01:36.8146924-03:00 0HN3E53DNOD2I:00000001 [INF] Request finished "HTTP/1.1" "GET" "http"://"localhost:5293""""/swagger/index.html""" - 200 null "text/html;charset=utf-8" 1011.0135ms (74253ad3)
2024-05-06T21:01:36.8644310-03:00 0HN3E53DNOD2I:00000002 [INF] Request starting "HTTP/1.1" "GET" "http"://"localhost:5293""""/_framework/aspnetcore-browser-refresh.js""" - null null (d509f86a)
2024-05-06T21:01:36.8694235-03:00 0HN3E53DNOD2I:00000002 [INF] Request finished "HTTP/1.1" "GET" "http"://"localhost:5293""""/_framework/aspnetcore-browser-refresh.js""" - 200 13752 "application/javascript; charset=utf-8" 5.0812ms (74253ad3)
2024-05-06T21:01:36.8914901-03:00 0HN3E53DNOD2I:00000003 [INF] Request starting "HTTP/1.1" "GET" "http"://"localhost:5293""""/_vs/browserLink""" - null null (d509f86a)
2024-05-06T21:01:37.1287663-03:00 0HN3E53DNOD2I:00000003 [INF] Request finished "HTTP/1.1" "GET" "http"://"localhost:5293""""/_vs/browserLink""" - 200 null "text/javascript; charset=UTF-8" 237.3272ms (74253ad3)
2024-05-06T21:01:37.3941642-03:00 0HN3E53DNOD2I:00000004 [INF] Request starting "HTTP/1.1" "GET" "http"://"localhost:5293""""/swagger/v1/swagger.json""" - null null (d509f86a)
2024-05-06T21:01:37.8926013-03:00 0HN3E53DNOD2I:00000004 [INF] Request finished "HTTP/1.1" "GET" "http"://"localhost:5293""""/swagger/v1/swagger.json""" - 200 null "application/json;charset=utf-8" 498.5446ms (74253ad3)
2024-05-06T21:04:46.9468119-03:00  [INF] Now listening on: "http://localhost:5293" (d826f4b8)
2024-05-06T21:04:46.9597240-03:00  [INF] Application started. Press Ctrl+C to shut down. (dcaefe54)
2024-05-06T21:04:46.9739024-03:00  [INF] Hosting environment: "Development" (bc5a1a4e)
2024-05-06T21:04:46.9769271-03:00  [INF] Content root path: "C:\Users\João\source\repos\ParadigmasT2\ApiWebDB" (cc26f24e)
2024-05-06T21:04:47.5950828-03:00 0HN3E5579OG5F:00000001 [INF] Request starting "HTTP/1.1" "GET" "http"://"localhost:5293""""/swagger/index.html""" - null null (d509f86a)
2024-05-06T21:04:48.2325209-03:00 0HN3E5579OG5F:00000001 [INF] Request finished "HTTP/1.1" "GET" "http"://"localhost:5293""""/swagger/index.html""" - 200 null "text/html;charset=utf-8" 651.1114ms (74253ad3)
2024-05-06T21:04:48.2387984-03:00 0HN3E5579OG5F:00000002 [INF] Request starting "HTTP/1.1" "GET" "http"://"localhost:5293""""/_framework/aspnetcore-browser-refresh.js""" - null null (d509f86a)
2024-05-06T21:04:48.2388082-03:00 0HN3E5579OG5G:00000001 [INF] Request starting "HTTP/1.1" "GET" "http"://"localhost:5293""""/_vs/browserLink""" - null null (d509f86a)
2024-05-06T21:04:48.2425088-03:00 0HN3E5579OG5F:00000002 [INF] Request finished "HTTP/1.1" "GET" "http"://"localhost:5293""""/_framework/aspnetcore-browser-refresh.js""" - 200 13752 "application/javascript; charset=utf-8" 3.6783ms (74253ad3)
2024-05-06T21:04:48.3041253-03:00 0HN3E5579OG5G:00000001 [INF] Request finished "HTTP/1.1" "GET" "http"://"localhost:5293""""/_vs/browserLink""" - 200 null "text/javascript; charset=UTF-8" 65.5906ms (74253ad3)
2024-05-06T21:04:48.4464121-03:00 0HN3E5579OG5G:00000002 [INF] Request starting "HTTP/1.1" "GET" "http"://"localhost:5293""""/swagger/v1/swagger.json""" - null null (d509f86a)
2024-05-06T21:04:48.6959935-03:00 0HN3E5579OG5G:00000002 [INF] Request finished "HTTP/1.1" "GET" "http"://"localhost:5293""""/swagger/v1/swagger.json""" - 200 null "application/json;charset=utf-8" 249.6483ms (74253ad3)
2024-05-06T21:12:33.6151028-03:00  [INF] Now listening on: "http://localhost:5293" (d826f4b8)
2024-05-06T21:12:33.6314896-03:00  [INF] Application started. Press Ctrl+C to shut down. (dcaefe54)
2024-05-06T21:12:33.6474717-03:00  [INF] Hosting environment: "Development" (bc5a1a4e)
2024-05-06T21:12:33.6513533-03:00  [INF] Content root path: "C:\Users\João\source\repos\ParadigmasT2\ApiWebDB" (cc26f24e)
2024-05-06T21:12:34.4074963-03:00 0HN3E59IB4FRV:00000001 [INF] Request starting "HTTP/1.1" "GET" "http"://"localhost:5293""""/swagger/index.html""" - null null (d509f86a)
2024-05-06T21:12:35.0320521-03:00 0HN3E59IB4FRV:00000001 [INF] Request finished "HTTP/1.1" "GET" "http"://"localhost:5293""""/swagger/index.html""" - 200 null "text/html;charset=utf-8" 638.4246ms (74253ad3)
2024-05-06T21:12:35.0355280-03:00 0HN3E59IB4FRV:00000002 [INF] Request starting "HTTP/1.1" "GET" "http"://"localhost:5293""""/_framework/aspnetcore-browser-refresh.js""" - null null (d509f86a)
2024-05-06T21:12:35.0361794-03:00 0HN3E59IB4FS0:00000001 [INF] Request starting "HTTP/1.1" "GET" "http"://"localhost:5293""""/_vs/browserLink""" - null null (d509f86a)
2024-05-06T21:12:35.0387419-03:00 0HN3E59IB4FRV:00000002 [INF] Request finished "HTTP/1.1" "GET" "http"://"localhost:5293""""/_framework/aspnetcore-browser-refresh.js""" - 200 13752 "application/javascript; charset=utf-8" 3.4091ms (74253ad3)
2024-05-06T21:12:35.0909137-03:00 0HN3E59IB4FS0:00000001 [INF] Request finished "HTTP/1.1" "GET" "http"://"localhost:5293""""/_vs/browserLink""" - 200 null "text/javascript; charset=UTF-8" 54.7758ms (74253ad3)
2024-05-06T21:12:35.2474512-03:00 0HN3E59IB4FS0:00000002 [INF] Request starting "HTTP/1.1" "GET" "http"://"localhost:5293""""/swagger/v1/swagger.json""" - null null (d509f86a)
2024-05-06T21:12:35.5304971-03:00 0HN3E59IB4FS0:00000002 [INF] Request finished "HTTP/1.1" "GET" "http"://"localhost:5293""""/swagger/v1/swagger.json""" - 200 null "application/json;charset=utf-8" 283.1441ms (74253ad3)
2024-05-06T21:12:51.5761710-03:00 0HN3E59IB4FS1:00000001 [INF] Request starting "HTTP/1.1" "GET" "http"://"localhost:5293""""/api/Clientes""" - null null (d509f86a)
2024-05-06T21:12:51.5945687-03:00 0HN3E59IB4FS1:00000001 [INF] Executing endpoint '"ApiWebDB.Controllers.ClientesController.Get (ApiWebDB)"' (500cc934)
2024-05-06T21:12:51.6425832-03:00 0HN3E59IB4FS1:00000001 [INF] Route matched with "{action = \"Get\", controller = \"Clientes\"}". Executing controller action with signature "Microsoft.AspNetCore.Mvc.ActionResult`1[APIWebDB.BaseDados.Models.TbCliente] Get()" on controller "ApiWebDB.Controllers.ClientesController" ("ApiWebDB"). (122b2fdf)
2024-05-06T21:12:54.0358435-03:00 0HN3E59IB4FS1:00000001 [INF] Executed DbCommand ("33"ms) [Parameters=[""], CommandType='Text', CommandTimeout='30']"
""SELECT t.id, t.alteradoem, t.criadoem, t.documento, t.nascimento, t.nome, t.telefone, t.tipodoc
FROM tb_clientes AS t" (0723d8ff)
2024-05-06T21:12:54.2287723-03:00 0HN3E59IB4FS1:00000001 [INF] Executing "OkObjectResult", writing value of type '"System.Collections.Generic.List`1[[APIWebDB.BaseDados.Models.TbCliente, ApiWebDB, Version=1.0.0.0, Culture=neutral, PublicKeyToken=null]]"'. (605b4265)
2024-05-06T21:12:54.2631938-03:00 0HN3E59IB4FS1:00000001 [INF] Executed action "ApiWebDB.Controllers.ClientesController.Get (ApiWebDB)" in 2614.6867ms (afa2e885)
2024-05-06T21:12:54.2634022-03:00 0HN3E59IB4FS1:00000001 [INF] Executed endpoint '"ApiWebDB.Controllers.ClientesController.Get (ApiWebDB)"' (99874f2b)
2024-05-06T21:12:54.2764867-03:00 0HN3E59IB4FS1:00000001 [INF] Request finished "HTTP/1.1" "GET" "http"://"localhost:5293""""/api/Clientes""" - 200 null "application/json; charset=utf-8" 2700.4762ms (74253ad3)
2024-05-06T21:13:03.7043329-03:00 0HN3E59IB4FS2:00000001 [INF] Request starting "HTTP/1.1" "GET" "http"://"localhost:5293""""/api/Enderecos""" - null null (d509f86a)
2024-05-06T21:13:03.7070383-03:00 0HN3E59IB4FS2:00000001 [INF] Executing endpoint '"ApiWebDB.Controllers.EnderecosController.Get (ApiWebDB)"' (500cc934)
2024-05-06T21:13:03.7145563-03:00 0HN3E59IB4FS2:00000001 [INF] Route matched with "{action = \"Get\", controller = \"Enderecos\"}". Executing controller action with signature "Microsoft.AspNetCore.Mvc.ActionResult`1[APIWebDB.BaseDados.Models.TbEndereco] Get()" on controller "ApiWebDB.Controllers.EnderecosController" ("ApiWebDB"). (122b2fdf)
2024-05-06T21:13:03.7747526-03:00 0HN3E59IB4FS2:00000001 [INF] Executed DbCommand ("7"ms) [Parameters=[""], CommandType='Text', CommandTimeout='30']"
""SELECT t.id, t.bairro, t.cep, t.cidade, t.clienteid, t.complemento, t.logradouro, t.numero, t.status, t.uf
FROM tb_enderecos AS t" (0723d8ff)
2024-05-06T21:13:03.8065863-03:00 0HN3E59IB4FS2:00000001 [INF] Executing "OkObjectResult", writing value of type '"System.Collections.Generic.List`1[[APIWebDB.BaseDados.Models.TbEndereco, ApiWebDB, Version=1.0.0.0, Culture=neutral, PublicKeyToken=null]]"'. (605b4265)
2024-05-06T21:13:03.8122747-03:00 0HN3E59IB4FS2:00000001 [INF] Executed action "ApiWebDB.Controllers.EnderecosController.Get (ApiWebDB)" in 97.4716ms (afa2e885)
2024-05-06T21:13:03.8124291-03:00 0HN3E59IB4FS2:00000001 [INF] Executed endpoint '"ApiWebDB.Controllers.EnderecosController.Get (ApiWebDB)"' (99874f2b)
2024-05-06T21:13:03.8129518-03:00 0HN3E59IB4FS2:00000001 [INF] Request finished "HTTP/1.1" "GET" "http"://"localhost:5293""""/api/Enderecos""" - 200 null "application/json; charset=utf-8" 108.8202ms (74253ad3)
2024-05-06T21:13:18.7130652-03:00 0HN3E59IB4FS3:00000001 [INF] Request starting "HTTP/1.1" "GET" "http"://"localhost:5293""""/api/Enderecos/2""" - null null (d509f86a)
2024-05-06T21:13:18.7138404-03:00 0HN3E59IB4FS3:00000001 [INF] Executing endpoint '"ApiWebDB.Controllers.EnderecosController.GetById (ApiWebDB)"' (500cc934)
2024-05-06T21:13:18.7319610-03:00 0HN3E59IB4FS3:00000001 [INF] Route matched with "{action = \"GetById\", controller = \"Enderecos\"}". Executing controller action with signature "Microsoft.AspNetCore.Mvc.ActionResult`1[APIWebDB.BaseDados.Models.TbEndereco] GetById(Int32)" on controller "ApiWebDB.Controllers.EnderecosController" ("ApiWebDB"). (122b2fdf)
2024-05-06T21:13:19.0598070-03:00 0HN3E59IB4FS3:00000001 [INF] Executed DbCommand ("19"ms) [Parameters=["@__id_0='?' (DbType = Int32)"], CommandType='Text', CommandTimeout='30']"
""SELECT t.id, t.bairro, t.cep, t.cidade, t.clienteid, t.complemento, t.logradouro, t.numero, t.status, t.uf
FROM tb_enderecos AS t
WHERE t.clienteid = @__id_0
LIMIT 1" (0723d8ff)
2024-05-06T21:13:19.0606626-03:00 0HN3E59IB4FS3:00000001 [INF] Executing "OkObjectResult", writing value of type '"APIWebDB.BaseDados.Models.TbEndereco"'. (605b4265)
2024-05-06T21:13:19.0612132-03:00 0HN3E59IB4FS3:00000001 [INF] Executed action "ApiWebDB.Controllers.EnderecosController.GetById (ApiWebDB)" in 329.0794ms (afa2e885)
2024-05-06T21:13:19.0612954-03:00 0HN3E59IB4FS3:00000001 [INF] Executed endpoint '"ApiWebDB.Controllers.EnderecosController.GetById (ApiWebDB)"' (99874f2b)
2024-05-06T21:13:19.0614846-03:00 0HN3E59IB4FS3:00000001 [INF] Request finished "HTTP/1.1" "GET" "http"://"localhost:5293""""/api/Enderecos/2""" - 200 null "application/json; charset=utf-8" 348.5422ms (74253ad3)
2024-05-06T22:54:45.8767555-03:00  [INF] Now listening on: "http://localhost:5293" (d826f4b8)
2024-05-06T22:54:45.8847817-03:00  [INF] Application started. Press Ctrl+C to shut down. (dcaefe54)
2024-05-06T22:54:45.8874898-03:00  [INF] Hosting environment: "Development" (bc5a1a4e)
2024-05-06T22:54:45.8892711-03:00  [INF] Content root path: "C:\Users\João\source\repos\ParadigmasT2\ApiWebDB" (cc26f24e)
2024-05-06T22:54:46.6302189-03:00 0HN3E72LS0UQ8:00000001 [INF] Request starting "HTTP/1.1" "GET" "http"://"localhost:5293""""/swagger/index.html""" - null null (d509f86a)
2024-05-06T22:54:47.3408652-03:00 0HN3E72LS0UQ8:00000001 [INF] Request finished "HTTP/1.1" "GET" "http"://"localhost:5293""""/swagger/index.html""" - 200 null "text/html;charset=utf-8" 721.2874ms (74253ad3)
2024-05-06T22:54:47.3469653-03:00 0HN3E72LS0UQ8:00000002 [INF] Request starting "HTTP/1.1" "GET" "http"://"localhost:5293""""/_framework/aspnetcore-browser-refresh.js""" - null null (d509f86a)
2024-05-06T22:54:47.3469665-03:00 0HN3E72LS0UQ9:00000001 [INF] Request starting "HTTP/1.1" "GET" "http"://"localhost:5293""""/_vs/browserLink""" - null null (d509f86a)
2024-05-06T22:54:47.3498279-03:00 0HN3E72LS0UQ8:00000002 [INF] Request finished "HTTP/1.1" "GET" "http"://"localhost:5293""""/_framework/aspnetcore-browser-refresh.js""" - 200 13752 "application/javascript; charset=utf-8" 2.9848ms (74253ad3)
2024-05-06T22:54:47.4120843-03:00 0HN3E72LS0UQ9:00000001 [INF] Request finished "HTTP/1.1" "GET" "http"://"localhost:5293""""/_vs/browserLink""" - 200 null "text/javascript; charset=UTF-8" 65.3795ms (74253ad3)
2024-05-06T22:54:47.4796756-03:00 0HN3E72LS0UQ9:00000002 [INF] Request starting "HTTP/1.1" "GET" "http"://"localhost:5293""""/swagger/v1/swagger.json""" - null null (d509f86a)
2024-05-06T22:54:47.5985885-03:00 0HN3E72LS0UQ9:00000002 [INF] Request finished "HTTP/1.1" "GET" "http"://"localhost:5293""""/swagger/v1/swagger.json""" - 200 null "application/json;charset=utf-8" 119.046ms (74253ad3)
2024-05-06T22:55:23.1565281-03:00  [INF] Now listening on: "http://localhost:5293" (d826f4b8)
2024-05-06T22:55:23.1634039-03:00  [INF] Application started. Press Ctrl+C to shut down. (dcaefe54)
2024-05-06T22:55:23.1670925-03:00  [INF] Hosting environment: "Development" (bc5a1a4e)
2024-05-06T22:55:23.1710170-03:00  [INF] Content root path: "C:\Users\João\source\repos\ParadigmasT2\ApiWebDB" (cc26f24e)
2024-05-06T22:55:23.4917057-03:00 0HN3E730VH43P:00000001 [INF] Request starting "HTTP/1.1" "GET" "http"://"localhost:5293""""/swagger/index.html""" - null null (d509f86a)
2024-05-06T22:55:23.7810720-03:00 0HN3E730VH43P:00000001 [INF] Request finished "HTTP/1.1" "GET" "http"://"localhost:5293""""/swagger/index.html""" - 200 null "text/html;charset=utf-8" 295.3621ms (74253ad3)
2024-05-06T22:55:23.7867575-03:00 0HN3E730VH43P:00000002 [INF] Request starting "HTTP/1.1" "GET" "http"://"localhost:5293""""/_framework/aspnetcore-browser-refresh.js""" - null null (d509f86a)
2024-05-06T22:55:23.7870392-03:00 0HN3E730VH43Q:00000001 [INF] Request starting "HTTP/1.1" "GET" "http"://"localhost:5293""""/_vs/browserLink""" - null null (d509f86a)
2024-05-06T22:55:23.7894930-03:00 0HN3E730VH43P:00000002 [INF] Request finished "HTTP/1.1" "GET" "http"://"localhost:5293""""/_framework/aspnetcore-browser-refresh.js""" - 200 13752 "application/javascript; charset=utf-8" 3.1812ms (74253ad3)
2024-05-06T22:55:23.8333882-03:00 0HN3E730VH43Q:00000001 [INF] Request finished "HTTP/1.1" "GET" "http"://"localhost:5293""""/_vs/browserLink""" - 200 null "text/javascript; charset=UTF-8" 46.4466ms (74253ad3)
2024-05-06T22:55:23.8930468-03:00 0HN3E730VH43Q:00000002 [INF] Request starting "HTTP/1.1" "GET" "http"://"localhost:5293""""/swagger/v1/swagger.json""" - null null (d509f86a)
2024-05-06T22:55:24.0090673-03:00 0HN3E730VH43Q:00000002 [INF] Request finished "HTTP/1.1" "GET" "http"://"localhost:5293""""/swagger/v1/swagger.json""" - 200 null "application/json;charset=utf-8" 116.0466ms (74253ad3)
2024-05-06T22:56:40.0910243-03:00 0HN3E730VH43R:00000001 [INF] Request starting "HTTP/1.1" "GET" "http"://"localhost:5293""""/api/Enderecos""" - null null (d509f86a)
2024-05-06T22:56:40.1030681-03:00 0HN3E730VH43R:00000001 [INF] Executing endpoint '"ApiWebDB.Controllers.EnderecosController.Get (ApiWebDB)"' (500cc934)
2024-05-06T22:56:40.1345155-03:00 0HN3E730VH43R:00000001 [INF] Route matched with "{action = \"Get\", controller = \"Enderecos\"}". Executing controller action with signature "Microsoft.AspNetCore.Mvc.ActionResult`1[APIWebDB.BaseDados.Models.TbEndereco] Get()" on controller "ApiWebDB.Controllers.EnderecosController" ("ApiWebDB"). (122b2fdf)
2024-05-06T22:56:42.0374483-03:00 0HN3E730VH43R:00000001 [INF] Executed DbCommand ("22"ms) [Parameters=[""], CommandType='Text', CommandTimeout='30']"
""SELECT t.id, t.bairro, t.cep, t.cidade, t.clienteid, t.complemento, t.logradouro, t.numero, t.status, t.uf
FROM tb_enderecos AS t" (0723d8ff)
2024-05-06T22:56:42.1293189-03:00 0HN3E730VH43R:00000001 [INF] Executing "OkObjectResult", writing value of type '"System.Collections.Generic.List`1[[APIWebDB.BaseDados.Models.TbEndereco, ApiWebDB, Version=1.0.0.0, Culture=neutral, PublicKeyToken=null]]"'. (605b4265)
2024-05-06T22:56:42.1461723-03:00 0HN3E730VH43R:00000001 [INF] Executed action "ApiWebDB.Controllers.EnderecosController.Get (ApiWebDB)" in 2008.7303ms (afa2e885)
2024-05-06T22:56:42.1462851-03:00 0HN3E730VH43R:00000001 [INF] Executed endpoint '"ApiWebDB.Controllers.EnderecosController.Get (ApiWebDB)"' (99874f2b)
2024-05-06T22:56:42.1541554-03:00 0HN3E730VH43R:00000001 [INF] Request finished "HTTP/1.1" "GET" "http"://"localhost:5293""""/api/Enderecos""" - 200 null "application/json; charset=utf-8" 2063.2608ms (74253ad3)
2024-05-06T22:57:09.1091087-03:00 0HN3E730VH43S:00000001 [INF] Request starting "HTTP/1.1" "GET" "http"://"localhost:5293""""/api/Clientes""" - null null (d509f86a)
2024-05-06T22:57:09.1108114-03:00 0HN3E730VH43S:00000001 [INF] Executing endpoint '"ApiWebDB.Controllers.ClientesController.Get (ApiWebDB)"' (500cc934)
2024-05-06T22:57:09.1149498-03:00 0HN3E730VH43S:00000001 [INF] Route matched with "{action = \"Get\", controller = \"Clientes\"}". Executing controller action with signature "Microsoft.AspNetCore.Mvc.ActionResult`1[APIWebDB.BaseDados.Models.TbCliente] Get()" on controller "ApiWebDB.Controllers.ClientesController" ("ApiWebDB"). (122b2fdf)
2024-05-06T22:57:09.1581952-03:00 0HN3E730VH43S:00000001 [INF] Executed DbCommand ("5"ms) [Parameters=[""], CommandType='Text', CommandTimeout='30']"
""SELECT t.id, t.alteradoem, t.criadoem, t.documento, t.nascimento, t.nome, t.telefone, t.tipodoc
FROM tb_clientes AS t" (0723d8ff)
2024-05-06T22:57:09.1816279-03:00 0HN3E730VH43S:00000001 [INF] Executing "OkObjectResult", writing value of type '"System.Collections.Generic.List`1[[APIWebDB.BaseDados.Models.TbCliente, ApiWebDB, Version=1.0.0.0, Culture=neutral, PublicKeyToken=null]]"'. (605b4265)
2024-05-06T22:57:09.1865597-03:00 0HN3E730VH43S:00000001 [INF] Executed action "ApiWebDB.Controllers.ClientesController.Get (ApiWebDB)" in 71.4918ms (afa2e885)
2024-05-06T22:57:09.1866109-03:00 0HN3E730VH43S:00000001 [INF] Executed endpoint '"ApiWebDB.Controllers.ClientesController.Get (ApiWebDB)"' (99874f2b)
2024-05-06T22:57:09.1867516-03:00 0HN3E730VH43S:00000001 [INF] Request finished "HTTP/1.1" "GET" "http"://"localhost:5293""""/api/Clientes""" - 200 null "application/json; charset=utf-8" 77.7563ms (74253ad3)
2024-05-06T22:57:50.3175266-03:00 0HN3E730VH43T:00000001 [INF] Request starting "HTTP/1.1" "POST" "http"://"localhost:5293""""/api/Clientes""" - "application/json" 128 (d509f86a)
2024-05-06T22:57:50.3179653-03:00 0HN3E730VH43T:00000001 [INF] Executing endpoint '"ApiWebDB.Controllers.ClientesController.Insert (ApiWebDB)"' (500cc934)
2024-05-06T22:57:50.3246811-03:00 0HN3E730VH43T:00000001 [INF] Route matched with "{action = \"Insert\", controller = \"Clientes\"}". Executing controller action with signature "Microsoft.AspNetCore.Mvc.ActionResult`1[APIWebDB.BaseDados.Models.TbCliente] Insert(ApiWebDB.Services.DTOs.ClienteDTO)" on controller "ApiWebDB.Controllers.ClientesController" ("ApiWebDB"). (122b2fdf)
2024-05-06T22:57:50.5006045-03:00 0HN3E730VH43T:00000001 [INF] Executed DbCommand ("22"ms) [Parameters=["@p0='?' (DbType = DateTime2), @p1='?' (DbType = DateTime2), @p2='?', @p3='?' (DbType = DateTime2), @p4='?', @p5='?', @p6='?' (DbType = Int32)"], CommandType='Text', CommandTimeout='30']"
""INSERT INTO tb_clientes (alteradoem, criadoem, documento, nascimento, nome, telefone, tipodoc)
VALUES (@p0, @p1, @p2, @p3, @p4, @p5, @p6)
RETURNING id;" (0723d8ff)
2024-05-06T22:57:50.5192922-03:00 0HN3E730VH43T:00000001 [INF] Executing "OkObjectResult", writing value of type '"APIWebDB.BaseDados.Models.TbCliente"'. (605b4265)
2024-05-06T22:57:50.5195704-03:00 0HN3E730VH43T:00000001 [INF] Executed action "ApiWebDB.Controllers.ClientesController.Insert (ApiWebDB)" in 194.8297ms (afa2e885)
2024-05-06T22:57:50.5196074-03:00 0HN3E730VH43T:00000001 [INF] Executed endpoint '"ApiWebDB.Controllers.ClientesController.Insert (ApiWebDB)"' (99874f2b)
2024-05-06T22:57:50.5196919-03:00 0HN3E730VH43T:00000001 [INF] Request finished "HTTP/1.1" "POST" "http"://"localhost:5293""""/api/Clientes""" - 200 null "application/json; charset=utf-8" 202.2741ms (74253ad3)
2024-05-06T22:58:17.7887460-03:00 0HN3E730VH43U:00000001 [INF] Request starting "HTTP/1.1" "POST" "http"://"localhost:5293""""/api/Clientes""" - "application/json" 133 (d509f86a)
2024-05-06T22:58:17.7920776-03:00 0HN3E730VH43U:00000001 [INF] Executing endpoint '"ApiWebDB.Controllers.ClientesController.Insert (ApiWebDB)"' (500cc934)
2024-05-06T22:58:17.7922616-03:00 0HN3E730VH43U:00000001 [INF] Route matched with "{action = \"Insert\", controller = \"Clientes\"}". Executing controller action with signature "Microsoft.AspNetCore.Mvc.ActionResult`1[APIWebDB.BaseDados.Models.TbCliente] Insert(ApiWebDB.Services.DTOs.ClienteDTO)" on controller "ApiWebDB.Controllers.ClientesController" ("ApiWebDB"). (122b2fdf)
2024-05-06T22:58:17.8021781-03:00 0HN3E730VH43U:00000001 [INF] Executed DbCommand ("1"ms) [Parameters=["@p0='?' (DbType = DateTime2), @p1='?' (DbType = DateTime2), @p2='?', @p3='?' (DbType = DateTime2), @p4='?', @p5='?', @p6='?' (DbType = Int32)"], CommandType='Text', CommandTimeout='30']"
""INSERT INTO tb_clientes (alteradoem, criadoem, documento, nascimento, nome, telefone, tipodoc)
VALUES (@p0, @p1, @p2, @p3, @p4, @p5, @p6)
RETURNING id;" (0723d8ff)
2024-05-06T22:58:17.8031369-03:00 0HN3E730VH43U:00000001 [INF] Executing "OkObjectResult", writing value of type '"APIWebDB.BaseDados.Models.TbCliente"'. (605b4265)
2024-05-06T22:58:17.8033417-03:00 0HN3E730VH43U:00000001 [INF] Executed action "ApiWebDB.Controllers.ClientesController.Insert (ApiWebDB)" in 10.9425ms (afa2e885)
2024-05-06T22:58:17.8033682-03:00 0HN3E730VH43U:00000001 [INF] Executed endpoint '"ApiWebDB.Controllers.ClientesController.Insert (ApiWebDB)"' (99874f2b)
2024-05-06T22:58:17.8034711-03:00 0HN3E730VH43U:00000001 [INF] Request finished "HTTP/1.1" "POST" "http"://"localhost:5293""""/api/Clientes""" - 200 null "application/json; charset=utf-8" 14.7984ms (74253ad3)
2024-05-06T22:58:23.8654309-03:00 0HN3E730VH43U:00000002 [INF] Request starting "HTTP/1.1" "GET" "http"://"localhost:5293""""/api/Clientes""" - null null (d509f86a)
2024-05-06T22:58:23.8657109-03:00 0HN3E730VH43U:00000002 [INF] Executing endpoint '"ApiWebDB.Controllers.ClientesController.Get (ApiWebDB)"' (500cc934)
2024-05-06T22:58:23.8658288-03:00 0HN3E730VH43U:00000002 [INF] Route matched with "{action = \"Get\", controller = \"Clientes\"}". Executing controller action with signature "Microsoft.AspNetCore.Mvc.ActionResult`1[APIWebDB.BaseDados.Models.TbCliente] Get()" on controller "ApiWebDB.Controllers.ClientesController" ("ApiWebDB"). (122b2fdf)
2024-05-06T22:58:23.8701353-03:00 0HN3E730VH43U:00000002 [INF] Executed DbCommand ("1"ms) [Parameters=[""], CommandType='Text', CommandTimeout='30']"
""SELECT t.id, t.alteradoem, t.criadoem, t.documento, t.nascimento, t.nome, t.telefone, t.tipodoc
FROM tb_clientes AS t" (0723d8ff)
2024-05-06T22:58:23.8708103-03:00 0HN3E730VH43U:00000002 [INF] Executing "OkObjectResult", writing value of type '"System.Collections.Generic.List`1[[APIWebDB.BaseDados.Models.TbCliente, ApiWebDB, Version=1.0.0.0, Culture=neutral, PublicKeyToken=null]]"'. (605b4265)
2024-05-06T22:58:23.8710250-03:00 0HN3E730VH43U:00000002 [INF] Executed action "ApiWebDB.Controllers.ClientesController.Get (ApiWebDB)" in 5.174ms (afa2e885)
2024-05-06T22:58:23.8710512-03:00 0HN3E730VH43U:00000002 [INF] Executed endpoint '"ApiWebDB.Controllers.ClientesController.Get (ApiWebDB)"' (99874f2b)
2024-05-06T22:58:23.8711726-03:00 0HN3E730VH43U:00000002 [INF] Request finished "HTTP/1.1" "GET" "http"://"localhost:5293""""/api/Clientes""" - 200 null "application/json; charset=utf-8" 5.7982ms (74253ad3)
2024-05-06T22:59:05.3254090-03:00 0HN3E730VH43V:00000001 [INF] Request starting "HTTP/1.1" "POST" "http"://"localhost:5293""""/api/Enderecos""" - "application/json" 187 (d509f86a)
2024-05-06T22:59:05.3288377-03:00 0HN3E730VH43V:00000001 [INF] Executing endpoint '"ApiWebDB.Controllers.EnderecosController.Insert (ApiWebDB)"' (500cc934)
2024-05-06T22:59:05.3314349-03:00 0HN3E730VH43V:00000001 [INF] Route matched with "{action = \"Insert\", controller = \"Enderecos\"}". Executing controller action with signature "Microsoft.AspNetCore.Mvc.ActionResult`1[APIWebDB.BaseDados.Models.TbEndereco] Insert(ApiWebDB.Services.DTOs.EnderecoDTO)" on controller "ApiWebDB.Controllers.EnderecosController" ("ApiWebDB"). (122b2fdf)
2024-05-06T22:59:05.3558856-03:00 0HN3E730VH43V:00000001 [INF] Executed DbCommand ("10"ms) [Parameters=["@p0='?', @p1='?' (DbType = Int32), @p2='?', @p3='?' (DbType = Int32), @p4='?', @p5='?', @p6='?', @p7='?' (DbType = Int32), @p8='?'"], CommandType='Text', CommandTimeout='30']"
""INSERT INTO tb_enderecos (bairro, cep, cidade, clienteid, complemento, logradouro, numero, status, uf)
VALUES (@p0, @p1, @p2, @p3, @p4, @p5, @p6, @p7, @p8)
RETURNING id;" (0723d8ff)
2024-05-06T22:59:05.3579235-03:00 0HN3E730VH43V:00000001 [INF] Executing "OkObjectResult", writing value of type '"APIWebDB.BaseDados.Models.TbEndereco"'. (605b4265)
2024-05-06T22:59:05.3581333-03:00 0HN3E730VH43V:00000001 [INF] Executed action "ApiWebDB.Controllers.EnderecosController.Insert (ApiWebDB)" in 26.6354ms (afa2e885)
2024-05-06T22:59:05.3581555-03:00 0HN3E730VH43V:00000001 [INF] Executed endpoint '"ApiWebDB.Controllers.EnderecosController.Insert (ApiWebDB)"' (99874f2b)
2024-05-06T22:59:05.3582270-03:00 0HN3E730VH43V:00000001 [INF] Request finished "HTTP/1.1" "POST" "http"://"localhost:5293""""/api/Enderecos""" - 200 null "application/json; charset=utf-8" 32.9454ms (74253ad3)
2024-05-06T22:59:15.2939075-03:00 0HN3E730VH440:00000001 [INF] Request starting "HTTP/1.1" "GET" "http"://"localhost:5293""""/api/Enderecos""" - null null (d509f86a)
2024-05-06T22:59:15.2942025-03:00 0HN3E730VH440:00000001 [INF] Executing endpoint '"ApiWebDB.Controllers.EnderecosController.Get (ApiWebDB)"' (500cc934)
2024-05-06T22:59:15.2943075-03:00 0HN3E730VH440:00000001 [INF] Route matched with "{action = \"Get\", controller = \"Enderecos\"}". Executing controller action with signature "Microsoft.AspNetCore.Mvc.ActionResult`1[APIWebDB.BaseDados.Models.TbEndereco] Get()" on controller "ApiWebDB.Controllers.EnderecosController" ("ApiWebDB"). (122b2fdf)
2024-05-06T22:59:15.2988925-03:00 0HN3E730VH440:00000001 [INF] Executed DbCommand ("1"ms) [Parameters=[""], CommandType='Text', CommandTimeout='30']"
""SELECT t.id, t.bairro, t.cep, t.cidade, t.clienteid, t.complemento, t.logradouro, t.numero, t.status, t.uf
FROM tb_enderecos AS t" (0723d8ff)
2024-05-06T22:59:15.2995058-03:00 0HN3E730VH440:00000001 [INF] Executing "OkObjectResult", writing value of type '"System.Collections.Generic.List`1[[APIWebDB.BaseDados.Models.TbEndereco, ApiWebDB, Version=1.0.0.0, Culture=neutral, PublicKeyToken=null]]"'. (605b4265)
2024-05-06T22:59:15.2997279-03:00 0HN3E730VH440:00000001 [INF] Executed action "ApiWebDB.Controllers.EnderecosController.Get (ApiWebDB)" in 5.3882ms (afa2e885)
2024-05-06T22:59:15.2997795-03:00 0HN3E730VH440:00000001 [INF] Executed endpoint '"ApiWebDB.Controllers.EnderecosController.Get (ApiWebDB)"' (99874f2b)
2024-05-06T22:59:15.2999795-03:00 0HN3E730VH440:00000001 [INF] Request finished "HTTP/1.1" "GET" "http"://"localhost:5293""""/api/Enderecos""" - 200 null "application/json; charset=utf-8" 6.0353ms (74253ad3)
2024-05-06T22:59:31.0882241-03:00 0HN3E730VH441:00000001 [INF] Request starting "HTTP/1.1" "GET" "http"://"localhost:5293""""/api/Enderecos/2""" - null null (d509f86a)
2024-05-06T22:59:31.0885027-03:00 0HN3E730VH441:00000001 [INF] Executing endpoint '"ApiWebDB.Controllers.EnderecosController.GetEnderecoById (ApiWebDB)"' (500cc934)
2024-05-06T22:59:31.0941075-03:00 0HN3E730VH441:00000001 [INF] Route matched with "{action = \"GetEnderecoById\", controller = \"Enderecos\"}". Executing controller action with signature "Microsoft.AspNetCore.Mvc.ActionResult`1[APIWebDB.BaseDados.Models.TbEndereco] GetEnderecoById(Int32)" on controller "ApiWebDB.Controllers.EnderecosController" ("ApiWebDB"). (122b2fdf)
2024-05-06T22:59:31.1710740-03:00 0HN3E730VH441:00000001 [INF] Executed DbCommand ("2"ms) [Parameters=["@__id_0='?' (DbType = Int32)"], CommandType='Text', CommandTimeout='30']"
""SELECT t.id, t.bairro, t.cep, t.cidade, t.clienteid, t.complemento, t.logradouro, t.numero, t.status, t.uf
FROM tb_enderecos AS t
WHERE t.clienteid = @__id_0
LIMIT 1" (0723d8ff)
2024-05-06T22:59:31.1714782-03:00 0HN3E730VH441:00000001 [INF] Executing "OkObjectResult", writing value of type '"APIWebDB.BaseDados.Models.TbEndereco"'. (605b4265)
2024-05-06T22:59:31.1716238-03:00 0HN3E730VH441:00000001 [INF] Executed action "ApiWebDB.Controllers.EnderecosController.GetEnderecoById (ApiWebDB)" in 77.4798ms (afa2e885)
2024-05-06T22:59:31.1716457-03:00 0HN3E730VH441:00000001 [INF] Executed endpoint '"ApiWebDB.Controllers.EnderecosController.GetEnderecoById (ApiWebDB)"' (99874f2b)
2024-05-06T22:59:31.1717035-03:00 0HN3E730VH441:00000001 [INF] Request finished "HTTP/1.1" "GET" "http"://"localhost:5293""""/api/Enderecos/2""" - 200 null "application/json; charset=utf-8" 83.525ms (74253ad3)
2024-05-06T22:59:46.2018895-03:00 0HN3E730VH442:00000001 [INF] Request starting "HTTP/1.1" "GET" "http"://"localhost:5293""""/api/Enderecos""" - null null (d509f86a)
2024-05-06T22:59:46.2020598-03:00 0HN3E730VH442:00000001 [INF] Executing endpoint '"ApiWebDB.Controllers.EnderecosController.Get (ApiWebDB)"' (500cc934)
2024-05-06T22:59:46.2021221-03:00 0HN3E730VH442:00000001 [INF] Route matched with "{action = \"Get\", controller = \"Enderecos\"}". Executing controller action with signature "Microsoft.AspNetCore.Mvc.ActionResult`1[APIWebDB.BaseDados.Models.TbEndereco] Get()" on controller "ApiWebDB.Controllers.EnderecosController" ("ApiWebDB"). (122b2fdf)
2024-05-06T22:59:46.2052446-03:00 0HN3E730VH442:00000001 [INF] Executed DbCommand ("0"ms) [Parameters=[""], CommandType='Text', CommandTimeout='30']"
""SELECT t.id, t.bairro, t.cep, t.cidade, t.clienteid, t.complemento, t.logradouro, t.numero, t.status, t.uf
FROM tb_enderecos AS t" (0723d8ff)
2024-05-06T22:59:46.2056153-03:00 0HN3E730VH442:00000001 [INF] Executing "OkObjectResult", writing value of type '"System.Collections.Generic.List`1[[APIWebDB.BaseDados.Models.TbEndereco, ApiWebDB, Version=1.0.0.0, Culture=neutral, PublicKeyToken=null]]"'. (605b4265)
2024-05-06T22:59:46.2057837-03:00 0HN3E730VH442:00000001 [INF] Executed action "ApiWebDB.Controllers.EnderecosController.Get (ApiWebDB)" in 3.6394ms (afa2e885)
2024-05-06T22:59:46.2058090-03:00 0HN3E730VH442:00000001 [INF] Executed endpoint '"ApiWebDB.Controllers.EnderecosController.Get (ApiWebDB)"' (99874f2b)
2024-05-06T22:59:46.2059314-03:00 0HN3E730VH442:00000001 [INF] Request finished "HTTP/1.1" "GET" "http"://"localhost:5293""""/api/Enderecos""" - 200 null "application/json; charset=utf-8" 4.0415ms (74253ad3)
2024-05-06T22:59:54.9019975-03:00 0HN3E730VH443:00000001 [INF] Request starting "HTTP/1.1" "GET" "http"://"localhost:5293""""/api/Enderecos/2""" - null null (d509f86a)
2024-05-06T22:59:54.9021723-03:00 0HN3E730VH443:00000001 [INF] Executing endpoint '"ApiWebDB.Controllers.EnderecosController.GetEnderecoById (ApiWebDB)"' (500cc934)
2024-05-06T22:59:54.9022419-03:00 0HN3E730VH443:00000001 [INF] Route matched with "{action = \"GetEnderecoById\", controller = \"Enderecos\"}". Executing controller action with signature "Microsoft.AspNetCore.Mvc.ActionResult`1[APIWebDB.BaseDados.Models.TbEndereco] GetEnderecoById(Int32)" on controller "ApiWebDB.Controllers.EnderecosController" ("ApiWebDB"). (122b2fdf)
2024-05-06T22:59:54.9082839-03:00 0HN3E730VH443:00000001 [INF] Executed DbCommand ("1"ms) [Parameters=["@__id_0='?' (DbType = Int32)"], CommandType='Text', CommandTimeout='30']"
""SELECT t.id, t.bairro, t.cep, t.cidade, t.clienteid, t.complemento, t.logradouro, t.numero, t.status, t.uf
FROM tb_enderecos AS t
WHERE t.clienteid = @__id_0
LIMIT 1" (0723d8ff)
2024-05-06T22:59:54.9086344-03:00 0HN3E730VH443:00000001 [INF] Executing "OkObjectResult", writing value of type '"APIWebDB.BaseDados.Models.TbEndereco"'. (605b4265)
2024-05-06T22:59:54.9087880-03:00 0HN3E730VH443:00000001 [INF] Executed action "ApiWebDB.Controllers.EnderecosController.GetEnderecoById (ApiWebDB)" in 6.5257ms (afa2e885)
2024-05-06T22:59:54.9088187-03:00 0HN3E730VH443:00000001 [INF] Executed endpoint '"ApiWebDB.Controllers.EnderecosController.GetEnderecoById (ApiWebDB)"' (99874f2b)
2024-05-06T22:59:54.9089030-03:00 0HN3E730VH443:00000001 [INF] Request finished "HTTP/1.1" "GET" "http"://"localhost:5293""""/api/Enderecos/2""" - 200 null "application/json; charset=utf-8" 6.9332ms (74253ad3)
2024-05-06T23:02:17.1056358-03:00  [INF] Now listening on: "http://localhost:5293" (d826f4b8)
2024-05-06T23:02:17.1152131-03:00  [INF] Application started. Press Ctrl+C to shut down. (dcaefe54)
2024-05-06T23:02:17.1234909-03:00  [INF] Hosting environment: "Development" (bc5a1a4e)
2024-05-06T23:02:17.1251008-03:00  [INF] Content root path: "C:\Users\João\source\repos\ParadigmasT2\ApiWebDB" (cc26f24e)
2024-05-06T23:02:17.6178890-03:00 0HN3E76SDH681:00000001 [INF] Request starting "HTTP/1.1" "GET" "http"://"localhost:5293""""/swagger/index.html""" - null null (d509f86a)
2024-05-06T23:02:17.9338988-03:00 0HN3E76SDH681:00000001 [INF] Request finished "HTTP/1.1" "GET" "http"://"localhost:5293""""/swagger/index.html""" - 200 null "text/html;charset=utf-8" 323.4502ms (74253ad3)
2024-05-06T23:02:17.9354124-03:00 0HN3E76SDH681:00000002 [INF] Request starting "HTTP/1.1" "GET" "http"://"localhost:5293""""/_framework/aspnetcore-browser-refresh.js""" - null null (d509f86a)
2024-05-06T23:02:17.9354615-03:00 0HN3E76SDH682:00000001 [INF] Request starting "HTTP/1.1" "GET" "http"://"localhost:5293""""/_vs/browserLink""" - null null (d509f86a)
2024-05-06T23:02:17.9388135-03:00 0HN3E76SDH681:00000002 [INF] Request finished "HTTP/1.1" "GET" "http"://"localhost:5293""""/_framework/aspnetcore-browser-refresh.js""" - 200 13752 "application/javascript; charset=utf-8" 3.5578ms (74253ad3)
2024-05-06T23:02:17.9652542-03:00 0HN3E76SDH682:00000001 [INF] Request finished "HTTP/1.1" "GET" "http"://"localhost:5293""""/_vs/browserLink""" - 200 null "text/javascript; charset=UTF-8" 29.7946ms (74253ad3)
2024-05-06T23:02:18.4459702-03:00 0HN3E76SDH682:00000002 [INF] Request starting "HTTP/1.1" "GET" "http"://"localhost:5293""""/swagger/v1/swagger.json""" - null null (d509f86a)
2024-05-06T23:02:18.5642704-03:00 0HN3E76SDH682:00000002 [INF] Request finished "HTTP/1.1" "GET" "http"://"localhost:5293""""/swagger/v1/swagger.json""" - 200 null "application/json;charset=utf-8" 120.2127ms (74253ad3)
2024-05-06T23:02:26.0538699-03:00 0HN3E76SDH683:00000001 [INF] Request starting "HTTP/1.1" "GET" "http"://"localhost:5293""""/api/Enderecos""" - null null (d509f86a)
2024-05-06T23:02:26.0605378-03:00 0HN3E76SDH683:00000001 [INF] Executing endpoint '"ApiWebDB.Controllers.EnderecosController.Get (ApiWebDB)"' (500cc934)
2024-05-06T23:02:26.0786812-03:00 0HN3E76SDH683:00000001 [INF] Route matched with "{action = \"Get\", controller = \"Enderecos\"}". Executing controller action with signature "Microsoft.AspNetCore.Mvc.ActionResult`1[APIWebDB.BaseDados.Models.TbEndereco] Get()" on controller "ApiWebDB.Controllers.EnderecosController" ("ApiWebDB"). (122b2fdf)
2024-05-06T23:02:27.2122567-03:00 0HN3E76SDH683:00000001 [INF] Executed DbCommand ("21"ms) [Parameters=[""], CommandType='Text', CommandTimeout='30']"
""SELECT t.id, t.bairro, t.cep, t.cidade, t.clienteid, t.complemento, t.logradouro, t.numero, t.status, t.uf
FROM tb_enderecos AS t" (0723d8ff)
2024-05-06T23:02:27.3007789-03:00 0HN3E76SDH683:00000001 [INF] Executing "OkObjectResult", writing value of type '"System.Collections.Generic.List`1[[APIWebDB.BaseDados.Models.TbEndereco, ApiWebDB, Version=1.0.0.0, Culture=neutral, PublicKeyToken=null]]"'. (605b4265)
2024-05-06T23:02:27.3171009-03:00 0HN3E76SDH683:00000001 [INF] Executed action "ApiWebDB.Controllers.EnderecosController.Get (ApiWebDB)" in 1235.7335ms (afa2e885)
2024-05-06T23:02:27.3172180-03:00 0HN3E76SDH683:00000001 [INF] Executed endpoint '"ApiWebDB.Controllers.EnderecosController.Get (ApiWebDB)"' (99874f2b)
2024-05-06T23:02:27.3237576-03:00 0HN3E76SDH683:00000001 [INF] Request finished "HTTP/1.1" "GET" "http"://"localhost:5293""""/api/Enderecos""" - 200 null "application/json; charset=utf-8" 1270.0338ms (74253ad3)
2024-05-06T23:02:36.4719770-03:00 0HN3E76SDH684:00000001 [INF] Request starting "HTTP/1.1" "GET" "http"://"localhost:5293""""/api/Enderecos/2""" - null null (d509f86a)
2024-05-06T23:02:36.4736411-03:00 0HN3E76SDH684:00000001 [INF] Executing endpoint '"ApiWebDB.Controllers.EnderecosController.GetEnderecoById (ApiWebDB)"' (500cc934)
2024-05-06T23:02:36.4817950-03:00 0HN3E76SDH684:00000001 [INF] Route matched with "{action = \"GetEnderecoById\", controller = \"Enderecos\"}". Executing controller action with signature "Microsoft.AspNetCore.Mvc.ActionResult`1[APIWebDB.BaseDados.Models.TbEndereco] GetEnderecoById(Int32)" on controller "ApiWebDB.Controllers.EnderecosController" ("ApiWebDB"). (122b2fdf)
2024-05-06T23:02:36.5987868-03:00 0HN3E76SDH684:00000001 [INF] Executed DbCommand ("10"ms) [Parameters=["@__id_0='?' (DbType = Int32)"], CommandType='Text', CommandTimeout='30']"
""SELECT t.id, t.bairro, t.cep, t.cidade, t.clienteid, t.complemento, t.logradouro, t.numero, t.status, t.uf
FROM tb_enderecos AS t
WHERE t.clienteid = @__id_0" (0723d8ff)
2024-05-06T23:02:36.5995147-03:00 0HN3E76SDH684:00000001 [INF] Executing "OkObjectResult", writing value of type '"System.Collections.Generic.List`1[[APIWebDB.BaseDados.Models.TbEndereco, ApiWebDB, Version=1.0.0.0, Culture=neutral, PublicKeyToken=null]]"'. (605b4265)
2024-05-06T23:02:36.5997680-03:00 0HN3E76SDH684:00000001 [INF] Executed action "ApiWebDB.Controllers.EnderecosController.GetEnderecoById (ApiWebDB)" in 117.8996ms (afa2e885)
2024-05-06T23:02:36.5997990-03:00 0HN3E76SDH684:00000001 [INF] Executed endpoint '"ApiWebDB.Controllers.EnderecosController.GetEnderecoById (ApiWebDB)"' (99874f2b)
2024-05-06T23:02:36.5999345-03:00 0HN3E76SDH684:00000001 [INF] Request finished "HTTP/1.1" "GET" "http"://"localhost:5293""""/api/Enderecos/2""" - 200 null "application/json; charset=utf-8" 128.0976ms (74253ad3)
2024-05-06T23:03:15.9176742-03:00 0HN3E76SDH685:00000001 [INF] Request starting "HTTP/1.1" "POST" "http"://"localhost:5293""""/api/Enderecos""" - "application/json" 187 (d509f86a)
2024-05-06T23:03:15.9180131-03:00 0HN3E76SDH685:00000001 [INF] Executing endpoint '"ApiWebDB.Controllers.EnderecosController.Insert (ApiWebDB)"' (500cc934)
2024-05-06T23:03:15.9201842-03:00 0HN3E76SDH685:00000001 [INF] Route matched with "{action = \"Insert\", controller = \"Enderecos\"}". Executing controller action with signature "Microsoft.AspNetCore.Mvc.ActionResult`1[APIWebDB.BaseDados.Models.TbEndereco] Insert(ApiWebDB.Services.DTOs.EnderecoDTO)" on controller "ApiWebDB.Controllers.EnderecosController" ("ApiWebDB"). (122b2fdf)
2024-05-06T23:03:16.0834419-03:00 0HN3E76SDH685:00000001 [INF] Executed DbCommand ("18"ms) [Parameters=["@p0='?', @p1='?' (DbType = Int32), @p2='?', @p3='?' (DbType = Int32), @p4='?', @p5='?', @p6='?', @p7='?' (DbType = Int32), @p8='?'"], CommandType='Text', CommandTimeout='30']"
""INSERT INTO tb_enderecos (bairro, cep, cidade, clienteid, complemento, logradouro, numero, status, uf)
VALUES (@p0, @p1, @p2, @p3, @p4, @p5, @p6, @p7, @p8)
RETURNING id;" (0723d8ff)
2024-05-06T23:03:16.1008212-03:00 0HN3E76SDH685:00000001 [INF] Executing "OkObjectResult", writing value of type '"APIWebDB.BaseDados.Models.TbEndereco"'. (605b4265)
2024-05-06T23:03:16.1010308-03:00 0HN3E76SDH685:00000001 [INF] Executed action "ApiWebDB.Controllers.EnderecosController.Insert (ApiWebDB)" in 180.7971ms (afa2e885)
2024-05-06T23:03:16.1010628-03:00 0HN3E76SDH685:00000001 [INF] Executed endpoint '"ApiWebDB.Controllers.EnderecosController.Insert (ApiWebDB)"' (99874f2b)
2024-05-06T23:03:16.1011371-03:00 0HN3E76SDH685:00000001 [INF] Request finished "HTTP/1.1" "POST" "http"://"localhost:5293""""/api/Enderecos""" - 200 null "application/json; charset=utf-8" 183.551ms (74253ad3)
2024-05-06T23:03:25.0802628-03:00 0HN3E76SDH686:00000001 [INF] Request starting "HTTP/1.1" "GET" "http"://"localhost:5293""""/api/Enderecos""" - null null (d509f86a)
2024-05-06T23:03:25.0806972-03:00 0HN3E76SDH686:00000001 [INF] Executing endpoint '"ApiWebDB.Controllers.EnderecosController.Get (ApiWebDB)"' (500cc934)
2024-05-06T23:03:25.0808633-03:00 0HN3E76SDH686:00000001 [INF] Route matched with "{action = \"Get\", controller = \"Enderecos\"}". Executing controller action with signature "Microsoft.AspNetCore.Mvc.ActionResult`1[APIWebDB.BaseDados.Models.TbEndereco] Get()" on controller "ApiWebDB.Controllers.EnderecosController" ("ApiWebDB"). (122b2fdf)
2024-05-06T23:03:25.0847684-03:00 0HN3E76SDH686:00000001 [INF] Executed DbCommand ("1"ms) [Parameters=[""], CommandType='Text', CommandTimeout='30']"
""SELECT t.id, t.bairro, t.cep, t.cidade, t.clienteid, t.complemento, t.logradouro, t.numero, t.status, t.uf
FROM tb_enderecos AS t" (0723d8ff)
2024-05-06T23:03:25.0853694-03:00 0HN3E76SDH686:00000001 [INF] Executing "OkObjectResult", writing value of type '"System.Collections.Generic.List`1[[APIWebDB.BaseDados.Models.TbEndereco, ApiWebDB, Version=1.0.0.0, Culture=neutral, PublicKeyToken=null]]"'. (605b4265)
2024-05-06T23:03:25.0857260-03:00 0HN3E76SDH686:00000001 [INF] Executed action "ApiWebDB.Controllers.EnderecosController.Get (ApiWebDB)" in 4.8288ms (afa2e885)
2024-05-06T23:03:25.0857789-03:00 0HN3E76SDH686:00000001 [INF] Executed endpoint '"ApiWebDB.Controllers.EnderecosController.Get (ApiWebDB)"' (99874f2b)
2024-05-06T23:03:25.0859241-03:00 0HN3E76SDH686:00000001 [INF] Request finished "HTTP/1.1" "GET" "http"://"localhost:5293""""/api/Enderecos""" - 200 null "application/json; charset=utf-8" 5.7355ms (74253ad3)
2024-05-06T23:03:32.5892919-03:00 0HN3E76SDH686:00000002 [INF] Request starting "HTTP/1.1" "GET" "http"://"localhost:5293""""/api/Enderecos/2""" - null null (d509f86a)
2024-05-06T23:03:32.5894913-03:00 0HN3E76SDH686:00000002 [INF] Executing endpoint '"ApiWebDB.Controllers.EnderecosController.GetEnderecoById (ApiWebDB)"' (500cc934)
2024-05-06T23:03:32.5895568-03:00 0HN3E76SDH686:00000002 [INF] Route matched with "{action = \"GetEnderecoById\", controller = \"Enderecos\"}". Executing controller action with signature "Microsoft.AspNetCore.Mvc.ActionResult`1[APIWebDB.BaseDados.Models.TbEndereco] GetEnderecoById(Int32)" on controller "ApiWebDB.Controllers.EnderecosController" ("ApiWebDB"). (122b2fdf)
2024-05-06T23:03:32.6009612-03:00 0HN3E76SDH686:00000002 [INF] Executed DbCommand ("1"ms) [Parameters=["@__id_0='?' (DbType = Int32)"], CommandType='Text', CommandTimeout='30']"
""SELECT t.id, t.bairro, t.cep, t.cidade, t.clienteid, t.complemento, t.logradouro, t.numero, t.status, t.uf
FROM tb_enderecos AS t
WHERE t.clienteid = @__id_0" (0723d8ff)
2024-05-06T23:03:32.6013739-03:00 0HN3E76SDH686:00000002 [INF] Executing "OkObjectResult", writing value of type '"System.Collections.Generic.List`1[[APIWebDB.BaseDados.Models.TbEndereco, ApiWebDB, Version=1.0.0.0, Culture=neutral, PublicKeyToken=null]]"'. (605b4265)
2024-05-06T23:03:32.6015413-03:00 0HN3E76SDH686:00000002 [INF] Executed action "ApiWebDB.Controllers.EnderecosController.GetEnderecoById (ApiWebDB)" in 11.9616ms (afa2e885)
2024-05-06T23:03:32.6015661-03:00 0HN3E76SDH686:00000002 [INF] Executed endpoint '"ApiWebDB.Controllers.EnderecosController.GetEnderecoById (ApiWebDB)"' (99874f2b)
2024-05-06T23:03:32.6016488-03:00 0HN3E76SDH686:00000002 [INF] Request finished "HTTP/1.1" "GET" "http"://"localhost:5293""""/api/Enderecos/2""" - 200 null "application/json; charset=utf-8" 12.4251ms (74253ad3)
2024-05-06T23:04:18.0770580-03:00  [INF] Now listening on: "http://localhost:5293" (d826f4b8)
2024-05-06T23:04:18.0845164-03:00  [INF] Application started. Press Ctrl+C to shut down. (dcaefe54)
2024-05-06T23:04:18.0930223-03:00  [INF] Hosting environment: "Development" (bc5a1a4e)
2024-05-06T23:04:18.0947904-03:00  [INF] Content root path: "C:\Users\João\source\repos\ParadigmasT2\ApiWebDB" (cc26f24e)
2024-05-06T23:04:18.7202292-03:00 0HN3E780GEVT2:00000001 [INF] Request starting "HTTP/1.1" "GET" "http"://"localhost:5293""""/swagger/index.html""" - null null (d509f86a)
2024-05-06T23:04:19.0229380-03:00 0HN3E780GEVT2:00000001 [INF] Request finished "HTTP/1.1" "GET" "http"://"localhost:5293""""/swagger/index.html""" - 200 null "text/html;charset=utf-8" 310.5281ms (74253ad3)
2024-05-06T23:04:19.0286150-03:00 0HN3E780GEVT3:00000001 [INF] Request starting "HTTP/1.1" "GET" "http"://"localhost:5293""""/_framework/aspnetcore-browser-refresh.js""" - null null (d509f86a)
2024-05-06T23:04:19.0287132-03:00 0HN3E780GEVT2:00000002 [INF] Request starting "HTTP/1.1" "GET" "http"://"localhost:5293""""/_vs/browserLink""" - null null (d509f86a)
2024-05-06T23:04:19.0326838-03:00 0HN3E780GEVT3:00000001 [INF] Request finished "HTTP/1.1" "GET" "http"://"localhost:5293""""/_framework/aspnetcore-browser-refresh.js""" - 200 13752 "application/javascript; charset=utf-8" 4.2465ms (74253ad3)
2024-05-06T23:04:19.0602691-03:00 0HN3E780GEVT2:00000002 [INF] Request finished "HTTP/1.1" "GET" "http"://"localhost:5293""""/_vs/browserLink""" - 200 null "text/javascript; charset=UTF-8" 31.608ms (74253ad3)
2024-05-06T23:04:19.1383579-03:00 0HN3E780GEVT2:00000003 [INF] Request starting "HTTP/1.1" "GET" "http"://"localhost:5293""""/swagger/v1/swagger.json""" - null null (d509f86a)
2024-05-06T23:04:19.2579769-03:00 0HN3E780GEVT2:00000003 [INF] Request finished "HTTP/1.1" "GET" "http"://"localhost:5293""""/swagger/v1/swagger.json""" - 200 null "application/json;charset=utf-8" 119.6294ms (74253ad3)
2024-05-06T23:04:48.9224147-03:00  [INF] Now listening on: "http://localhost:5293" (d826f4b8)
2024-05-06T23:04:48.9304540-03:00  [INF] Application started. Press Ctrl+C to shut down. (dcaefe54)
2024-05-06T23:04:48.9327898-03:00  [INF] Hosting environment: "Development" (bc5a1a4e)
2024-05-06T23:04:48.9343499-03:00  [INF] Content root path: "C:\Users\João\source\repos\ParadigmasT2\ApiWebDB" (cc26f24e)
2024-05-06T23:04:49.2710749-03:00 0HN3E789KH7GP:00000001 [INF] Request starting "HTTP/1.1" "GET" "http"://"localhost:5293""""/swagger/index.html""" - null null (d509f86a)
2024-05-06T23:04:49.5477109-03:00 0HN3E789KH7GP:00000001 [INF] Request finished "HTTP/1.1" "GET" "http"://"localhost:5293""""/swagger/index.html""" - 200 null "text/html;charset=utf-8" 281.9578ms (74253ad3)
2024-05-06T23:04:49.5513708-03:00 0HN3E789KH7GQ:00000001 [INF] Request starting "HTTP/1.1" "GET" "http"://"localhost:5293""""/_vs/browserLink""" - null null (d509f86a)
2024-05-06T23:04:49.5513708-03:00 0HN3E789KH7GP:00000002 [INF] Request starting "HTTP/1.1" "GET" "http"://"localhost:5293""""/_framework/aspnetcore-browser-refresh.js""" - null null (d509f86a)
2024-05-06T23:04:49.5538799-03:00 0HN3E789KH7GP:00000002 [INF] Request finished "HTTP/1.1" "GET" "http"://"localhost:5293""""/_framework/aspnetcore-browser-refresh.js""" - 200 13752 "application/javascript; charset=utf-8" 2.5566ms (74253ad3)
2024-05-06T23:04:49.5870853-03:00 0HN3E789KH7GQ:00000001 [INF] Request finished "HTTP/1.1" "GET" "http"://"localhost:5293""""/_vs/browserLink""" - 200 null "text/javascript; charset=UTF-8" 35.7498ms (74253ad3)
2024-05-06T23:04:49.6550648-03:00 0HN3E789KH7GQ:00000002 [INF] Request starting "HTTP/1.1" "GET" "http"://"localhost:5293""""/swagger/v1/swagger.json""" - null null (d509f86a)
2024-05-06T23:04:49.7660540-03:00 0HN3E789KH7GQ:00000002 [INF] Request finished "HTTP/1.1" "GET" "http"://"localhost:5293""""/swagger/v1/swagger.json""" - 200 null "application/json;charset=utf-8" 111.0359ms (74253ad3)
