2024-04-30T20:25:51.8418976-03:00  [INF] Now listening on: "http://localhost:5293" (d826f4b8)
2024-04-30T20:25:51.8497340-03:00  [INF] Application started. Press Ctrl+C to shut down. (dcaefe54)
2024-04-30T20:25:51.8530288-03:00  [INF] Hosting environment: "Development" (bc5a1a4e)
2024-04-30T20:25:51.8555353-03:00  [INF] Content root path: "C:\Users\João\source\repos\ParadigmasT2\ApiWebDB" (cc26f24e)
2024-04-30T20:25:52.5472179-03:00 0HN39DJG6D0KR:00000001 [INF] Request starting "HTTP/1.1" "GET" "http"://"localhost:5293""""/swagger""" - null null (d509f86a)
2024-04-30T20:25:52.6309559-03:00 0HN39DJG6D0KR:00000001 [INF] Request finished "HTTP/1.1" "GET" "http"://"localhost:5293""""/swagger""" - 301 0 null 93.8049ms (74253ad3)
2024-04-30T20:25:52.6323203-03:00 0HN39DJG6D0KR:00000002 [INF] Request starting "HTTP/1.1" "GET" "http"://"localhost:5293""""/swagger/index.html""" - null null (d509f86a)
2024-04-30T20:25:52.7337574-03:00 0HN39DJG6D0KR:00000002 [INF] Request finished "HTTP/1.1" "GET" "http"://"localhost:5293""""/swagger/index.html""" - 200 null "text/html;charset=utf-8" 101.5147ms (74253ad3)
2024-04-30T20:25:52.7379765-03:00 0HN39DJG6D0KR:00000003 [INF] Request starting "HTTP/1.1" "GET" "http"://"localhost:5293""""/swagger/swagger-ui.css""" - null null (d509f86a)
2024-04-30T20:25:52.7389159-03:00 0HN39DJG6D0KS:00000001 [INF] Request starting "HTTP/1.1" "GET" "http"://"localhost:5293""""/swagger/swagger-ui-bundle.js""" - null null (d509f86a)
2024-04-30T20:25:52.7389152-03:00 0HN39DJG6D0KT:00000001 [INF] Request starting "HTTP/1.1" "GET" "http"://"localhost:5293""""/swagger/swagger-ui-standalone-preset.js""" - null null (d509f86a)
2024-04-30T20:25:52.7392377-03:00 0HN39DJG6D0KU:00000001 [INF] Request starting "HTTP/1.1" "GET" "http"://"localhost:5293""""/_framework/aspnetcore-browser-refresh.js""" - null null (d509f86a)
2024-04-30T20:25:52.7408812-03:00 0HN39DJG6D0KU:00000001 [INF] Request finished "HTTP/1.1" "GET" "http"://"localhost:5293""""/_framework/aspnetcore-browser-refresh.js""" - 200 13752 "application/javascript; charset=utf-8" 1.7711ms (74253ad3)
2024-04-30T20:25:52.7849077-03:00 0HN39DJG6D0KT:00000001 [INF] Sending file. Request path: '"/swagger-ui-standalone-preset.js"'. Physical path: '"N/A"' (27b0a520)
2024-04-30T20:25:52.7848850-03:00 0HN39DJG6D0KR:00000003 [INF] Sending file. Request path: '"/swagger-ui.css"'. Physical path: '"N/A"' (27b0a520)
2024-04-30T20:25:52.7866775-03:00 0HN39DJG6D0KR:00000003 [INF] Request finished "HTTP/1.1" "GET" "http"://"localhost:5293""""/swagger/swagger-ui.css""" - 200 144929 "text/css" 48.7202ms (74253ad3)
2024-04-30T20:25:52.7866774-03:00 0HN39DJG6D0KT:00000001 [INF] Request finished "HTTP/1.1" "GET" "http"://"localhost:5293""""/swagger/swagger-ui-standalone-preset.js""" - 200 312163 "text/javascript" 47.9107ms (74253ad3)
2024-04-30T20:25:52.7916200-03:00 0HN39DJG6D0KS:00000001 [INF] Sending file. Request path: '"/swagger-ui-bundle.js"'. Physical path: '"N/A"' (27b0a520)
2024-04-30T20:25:52.7918120-03:00 0HN39DJG6D0KS:00000001 [INF] Request finished "HTTP/1.1" "GET" "http"://"localhost:5293""""/swagger/swagger-ui-bundle.js""" - 200 1061536 "text/javascript" 53.0839ms (74253ad3)
2024-04-30T20:25:52.9366211-03:00 0HN39DJG6D0KS:00000002 [INF] Request starting "HTTP/1.1" "GET" "http"://"localhost:5293""""/swagger/v1/swagger.json""" - null null (d509f86a)
2024-04-30T20:25:52.9611474-03:00 0HN39DJG6D0KT:00000002 [INF] Request starting "HTTP/1.1" "GET" "http"://"localhost:5293""""/swagger/favicon-32x32.png""" - null null (d509f86a)
2024-04-30T20:25:52.9622419-03:00 0HN39DJG6D0KT:00000002 [INF] Sending file. Request path: '"/favicon-32x32.png"'. Physical path: '"N/A"' (27b0a520)
2024-04-30T20:25:52.9624689-03:00 0HN39DJG6D0KT:00000002 [INF] Request finished "HTTP/1.1" "GET" "http"://"localhost:5293""""/swagger/favicon-32x32.png""" - 200 628 "image/png" 1.4091ms (74253ad3)
2024-04-30T20:25:53.0942592-03:00 0HN39DJG6D0KS:00000002 [INF] Request finished "HTTP/1.1" "GET" "http"://"localhost:5293""""/swagger/v1/swagger.json""" - 200 null "application/json;charset=utf-8" 157.6722ms (74253ad3)
2024-04-30T20:26:06.3650096-03:00 0HN39DJG6D0KV:00000001 [INF] Request starting "HTTP/1.1" "GET" "http"://"localhost:5293""""/api/Clientes""" - null null (d509f86a)
2024-04-30T20:26:06.3711784-03:00 0HN39DJG6D0KV:00000001 [INF] Executing endpoint '"ApiWebDB.Controllers.ClientesController.Get (ApiWebDB)"' (500cc934)
2024-04-30T20:26:06.3936531-03:00 0HN39DJG6D0KV:00000001 [INF] Route matched with "{action = \"Get\", controller = \"Clientes\"}". Executing controller action with signature "Microsoft.AspNetCore.Mvc.ActionResult`1[APIWebDB.BaseDados.Models.TbCliente] Get()" on controller "ApiWebDB.Controllers.ClientesController" ("ApiWebDB"). (122b2fdf)
2024-04-30T20:26:11.8412130-03:00 0HN39DJG6D0KV:00000001 [ERR] An error occurred using the connection to database '"postgres"' on server '"tcp://localhost:5432"'. (5fc3407c)
2024-04-30T20:26:11.9012833-03:00 0HN39DJG6D0KV:00000001 [ERR] An exception occurred while iterating over the results of a query for context type '"APIWebDB.BaseDados.Models.ApidbContext"'."
""System.InvalidOperationException: An exception has been raised that is likely due to a transient failure.
 ---> Npgsql.NpgsqlException (0x80004005): Failed to connect to 127.0.0.1:5432
 ---> System.Net.Sockets.SocketException (10061): No connection could be made because the target machine actively refused it.
   at Npgsql.Internal.NpgsqlConnector.Connect(NpgsqlTimeout timeout)
   at Npgsql.Internal.NpgsqlConnector.Connect(NpgsqlTimeout timeout)
   at Npgsql.Internal.NpgsqlConnector.RawOpen(SslMode sslMode, NpgsqlTimeout timeout, Boolean async, CancellationToken cancellationToken, Boolean isFirstAttempt)
   at Npgsql.Internal.NpgsqlConnector.<Open>g__OpenCore|213_1(NpgsqlConnector conn, SslMode sslMode, NpgsqlTimeout timeout, Boolean async, CancellationToken cancellationToken, Boolean isFirstAttempt)
   at Npgsql.Internal.NpgsqlConnector.Open(NpgsqlTimeout timeout, Boolean async, CancellationToken cancellationToken)
   at Npgsql.PoolingDataSource.OpenNewConnector(NpgsqlConnection conn, NpgsqlTimeout timeout, Boolean async, CancellationToken cancellationToken)
   at Npgsql.PoolingDataSource.<Get>g__RentAsync|34_0(NpgsqlConnection conn, NpgsqlTimeout timeout, Boolean async, CancellationToken cancellationToken)
   at Npgsql.NpgsqlConnection.<Open>g__OpenAsync|42_0(Boolean async, CancellationToken cancellationToken)
   at Npgsql.NpgsqlConnection.Open()
   at Microsoft.EntityFrameworkCore.Storage.RelationalConnection.OpenDbConnection(Boolean errorsExpected)
   at Microsoft.EntityFrameworkCore.Storage.RelationalConnection.OpenInternal(Boolean errorsExpected)
   at Microsoft.EntityFrameworkCore.Storage.RelationalConnection.Open(Boolean errorsExpected)
   at Microsoft.EntityFrameworkCore.Storage.RelationalCommand.ExecuteReader(RelationalCommandParameterObject parameterObject)
   at Microsoft.EntityFrameworkCore.Query.Internal.SingleQueryingEnumerable`1.Enumerator.InitializeReader(Enumerator enumerator)
   at Microsoft.EntityFrameworkCore.Query.Internal.SingleQueryingEnumerable`1.Enumerator.<>c.<MoveNext>b__21_0(DbContext _, Enumerator enumerator)
   at Npgsql.EntityFrameworkCore.PostgreSQL.Storage.Internal.NpgsqlExecutionStrategy.Execute[TState,TResult](TState state, Func`3 operation, Func`3 verifySucceeded)
   --- End of inner exception stack trace ---
   at Npgsql.EntityFrameworkCore.PostgreSQL.Storage.Internal.NpgsqlExecutionStrategy.Execute[TState,TResult](TState state, Func`3 operation, Func`3 verifySucceeded)
   at Microsoft.EntityFrameworkCore.Query.Internal.SingleQueryingEnumerable`1.Enumerator.MoveNext()" (f5c7ac34)
System.InvalidOperationException: An exception has been raised that is likely due to a transient failure.
 ---> Npgsql.NpgsqlException (0x80004005): Failed to connect to 127.0.0.1:5432
 ---> System.Net.Sockets.SocketException (10061): No connection could be made because the target machine actively refused it.
   at Npgsql.Internal.NpgsqlConnector.Connect(NpgsqlTimeout timeout)
   at Npgsql.Internal.NpgsqlConnector.Connect(NpgsqlTimeout timeout)
   at Npgsql.Internal.NpgsqlConnector.RawOpen(SslMode sslMode, NpgsqlTimeout timeout, Boolean async, CancellationToken cancellationToken, Boolean isFirstAttempt)
   at Npgsql.Internal.NpgsqlConnector.<Open>g__OpenCore|213_1(NpgsqlConnector conn, SslMode sslMode, NpgsqlTimeout timeout, Boolean async, CancellationToken cancellationToken, Boolean isFirstAttempt)
   at Npgsql.Internal.NpgsqlConnector.Open(NpgsqlTimeout timeout, Boolean async, CancellationToken cancellationToken)
   at Npgsql.PoolingDataSource.OpenNewConnector(NpgsqlConnection conn, NpgsqlTimeout timeout, Boolean async, CancellationToken cancellationToken)
   at Npgsql.PoolingDataSource.<Get>g__RentAsync|34_0(NpgsqlConnection conn, NpgsqlTimeout timeout, Boolean async, CancellationToken cancellationToken)
   at Npgsql.NpgsqlConnection.<Open>g__OpenAsync|42_0(Boolean async, CancellationToken cancellationToken)
   at Npgsql.NpgsqlConnection.Open()
   at Microsoft.EntityFrameworkCore.Storage.RelationalConnection.OpenDbConnection(Boolean errorsExpected)
   at Microsoft.EntityFrameworkCore.Storage.RelationalConnection.OpenInternal(Boolean errorsExpected)
   at Microsoft.EntityFrameworkCore.Storage.RelationalConnection.Open(Boolean errorsExpected)
   at Microsoft.EntityFrameworkCore.Storage.RelationalCommand.ExecuteReader(RelationalCommandParameterObject parameterObject)
   at Microsoft.EntityFrameworkCore.Query.Internal.SingleQueryingEnumerable`1.Enumerator.InitializeReader(Enumerator enumerator)
   at Microsoft.EntityFrameworkCore.Query.Internal.SingleQueryingEnumerable`1.Enumerator.<>c.<MoveNext>b__21_0(DbContext _, Enumerator enumerator)
   at Npgsql.EntityFrameworkCore.PostgreSQL.Storage.Internal.NpgsqlExecutionStrategy.Execute[TState,TResult](TState state, Func`3 operation, Func`3 verifySucceeded)
   --- End of inner exception stack trace ---
   at Npgsql.EntityFrameworkCore.PostgreSQL.Storage.Internal.NpgsqlExecutionStrategy.Execute[TState,TResult](TState state, Func`3 operation, Func`3 verifySucceeded)
   at Microsoft.EntityFrameworkCore.Query.Internal.SingleQueryingEnumerable`1.Enumerator.MoveNext()
   at System.Collections.Generic.List`1..ctor(IEnumerable`1 collection)
   at System.Linq.Enumerable.ToList[TSource](IEnumerable`1 source)
   at ApiWebDB.Services.ClienteService.Get() in C:\Users\João\source\repos\ParadigmasT2\ApiWebDB\Services\ClienteService.cs:line 75
   at ApiWebDB.Controllers.ClientesController.Get() in C:\Users\João\source\repos\ParadigmasT2\ApiWebDB\Controllers\ClientesController.cs:line 100
2024-04-30T20:26:11.9933037-03:00 0HN39DJG6D0KV:00000001 [INF] Executing "ObjectResult", writing value of type '"<>f__AnonymousType0`1[[System.String, System.Private.CoreLib, Version=8.0.0.0, Culture=neutral, PublicKeyToken=7cec85d7bea7798e]]"'. (605b4265)
2024-04-30T20:26:12.0059196-03:00 0HN39DJG6D0KV:00000001 [INF] Executed action "ApiWebDB.Controllers.ClientesController.Get (ApiWebDB)" in 5609.0435ms (afa2e885)
2024-04-30T20:26:12.0060129-03:00 0HN39DJG6D0KV:00000001 [INF] Executed endpoint '"ApiWebDB.Controllers.ClientesController.Get (ApiWebDB)"' (99874f2b)
2024-04-30T20:26:12.0130267-03:00 0HN39DJG6D0KV:00000001 [INF] Request finished "HTTP/1.1" "GET" "http"://"localhost:5293""""/api/Clientes""" - 500 null "application/json; charset=utf-8" 5648.1837ms (74253ad3)
2024-04-30T20:26:46.9524218-03:00  [INF] Now listening on: "http://localhost:5293" (d826f4b8)
2024-04-30T20:26:46.9610972-03:00  [INF] Application started. Press Ctrl+C to shut down. (dcaefe54)
2024-04-30T20:26:46.9698266-03:00  [INF] Hosting environment: "Development" (bc5a1a4e)
2024-04-30T20:26:46.9716576-03:00  [INF] Content root path: "C:\Users\João\source\repos\ParadigmasT2\ApiWebDB" (cc26f24e)
2024-04-30T20:26:47.3172392-03:00 0HN39DK0HJHK8:00000001 [INF] Request starting "HTTP/1.1" "GET" "http"://"localhost:5293""""/swagger/index.html""" - null null (d509f86a)
2024-04-30T20:26:47.4800595-03:00 0HN39DK0HJHK8:00000001 [INF] Request finished "HTTP/1.1" "GET" "http"://"localhost:5293""""/swagger/index.html""" - 200 null "text/html;charset=utf-8" 172.6086ms (74253ad3)
2024-04-30T20:26:47.4853656-03:00 0HN39DK0HJHK8:00000002 [INF] Request starting "HTTP/1.1" "GET" "http"://"localhost:5293""""/_framework/aspnetcore-browser-refresh.js""" - null null (d509f86a)
2024-04-30T20:26:47.4873606-03:00 0HN39DK0HJHK8:00000002 [INF] Request finished "HTTP/1.1" "GET" "http"://"localhost:5293""""/_framework/aspnetcore-browser-refresh.js""" - 200 13752 "application/javascript; charset=utf-8" 2.0882ms (74253ad3)
2024-04-30T20:26:47.6751075-03:00 0HN39DK0HJHK8:00000003 [INF] Request starting "HTTP/1.1" "GET" "http"://"localhost:5293""""/swagger/v1/swagger.json""" - null null (d509f86a)
2024-04-30T20:26:47.7839860-03:00 0HN39DK0HJHK8:00000003 [INF] Request finished "HTTP/1.1" "GET" "http"://"localhost:5293""""/swagger/v1/swagger.json""" - 200 null "application/json;charset=utf-8" 108.9452ms (74253ad3)
2024-04-30T20:26:54.7217538-03:00 0HN39DK0HJHKA:00000001 [INF] Request starting "HTTP/1.1" "GET" "http"://"localhost:5293""""/api/Clientes""" - null null (d509f86a)
2024-04-30T20:26:54.7300542-03:00 0HN39DK0HJHKA:00000001 [INF] Executing endpoint '"ApiWebDB.Controllers.ClientesController.Get (ApiWebDB)"' (500cc934)
2024-04-30T20:26:54.7506137-03:00 0HN39DK0HJHKA:00000001 [INF] Route matched with "{action = \"Get\", controller = \"Clientes\"}". Executing controller action with signature "Microsoft.AspNetCore.Mvc.ActionResult`1[APIWebDB.BaseDados.Models.TbCliente] Get()" on controller "ApiWebDB.Controllers.ClientesController" ("ApiWebDB"). (122b2fdf)
2024-04-30T20:27:03.1838551-03:00 0HN39DK0HJHKA:00000001 [ERR] An error occurred using the connection to database '"postgres"' on server '"tcp://localhost:5432"'. (5fc3407c)
2024-04-30T20:31:35.6429399-03:00  [INF] Now listening on: "http://localhost:5293" (d826f4b8)
2024-04-30T20:31:35.6512588-03:00  [INF] Application started. Press Ctrl+C to shut down. (dcaefe54)
2024-04-30T20:31:35.6536710-03:00  [INF] Hosting environment: "Development" (bc5a1a4e)
2024-04-30T20:31:35.6556338-03:00  [INF] Content root path: "C:\Users\João\source\repos\ParadigmasT2\ApiWebDB" (cc26f24e)
2024-04-30T20:31:36.4298106-03:00 0HN39DMMKV98I:00000001 [INF] Request starting "HTTP/1.1" "GET" "http"://"localhost:5293""""/swagger/index.html""" - null null (d509f86a)
2024-04-30T20:31:36.5901487-03:00 0HN39DMMKV98I:00000001 [INF] Request finished "HTTP/1.1" "GET" "http"://"localhost:5293""""/swagger/index.html""" - 200 null "text/html;charset=utf-8" 167.11ms (74253ad3)
2024-04-30T20:31:36.5947325-03:00 0HN39DMMKV98I:00000002 [INF] Request starting "HTTP/1.1" "GET" "http"://"localhost:5293""""/_framework/aspnetcore-browser-refresh.js""" - null null (d509f86a)
2024-04-30T20:31:36.5968632-03:00 0HN39DMMKV98I:00000002 [INF] Request finished "HTTP/1.1" "GET" "http"://"localhost:5293""""/_framework/aspnetcore-browser-refresh.js""" - 200 13752 "application/javascript; charset=utf-8" 2.2003ms (74253ad3)
2024-04-30T20:31:36.7182011-03:00 0HN39DMMKV98I:00000003 [INF] Request starting "HTTP/1.1" "GET" "http"://"localhost:5293""""/swagger/v1/swagger.json""" - null null (d509f86a)
2024-04-30T20:31:37.2163112-03:00 0HN39DMMKV98I:00000003 [INF] Request finished "HTTP/1.1" "GET" "http"://"localhost:5293""""/swagger/v1/swagger.json""" - 200 null "application/json;charset=utf-8" 498.0962ms (74253ad3)
2024-04-30T20:31:44.9848050-03:00 0HN39DMMKV98K:00000001 [INF] Request starting "HTTP/1.1" "GET" "http"://"localhost:5293""""/api/Clientes""" - null null (d509f86a)
2024-04-30T20:31:44.9908555-03:00 0HN39DMMKV98K:00000001 [INF] Executing endpoint '"ApiWebDB.Controllers.ClientesController.Get (ApiWebDB)"' (500cc934)
2024-04-30T20:31:45.0083386-03:00 0HN39DMMKV98K:00000001 [INF] Route matched with "{action = \"Get\", controller = \"Clientes\"}". Executing controller action with signature "Microsoft.AspNetCore.Mvc.ActionResult`1[APIWebDB.BaseDados.Models.TbCliente] Get()" on controller "ApiWebDB.Controllers.ClientesController" ("ApiWebDB"). (122b2fdf)
2024-04-30T20:31:54.0306595-03:00 0HN39DMMKV98K:00000001 [INF] Executed DbCommand ("24"ms) [Parameters=[""], CommandType='Text', CommandTimeout='30']"
""SELECT t.id, t.alteradoem, t.criadoem, t.documento, t.nascimento, t.nome, t.telefone, t.tipodoc
FROM tb_clientes AS t" (0723d8ff)
2024-04-30T20:31:54.0816931-03:00 0HN39DMMKV98K:00000001 [INF] Executing "NotFoundObjectResult", writing value of type '"System.String"'. (605b4265)
2024-04-30T20:31:54.0862942-03:00 0HN39DMMKV98K:00000001 [INF] Executed action "ApiWebDB.Controllers.ClientesController.Get (ApiWebDB)" in 9075.1065ms (afa2e885)
2024-04-30T20:31:54.0864353-03:00 0HN39DMMKV98K:00000001 [INF] Executed endpoint '"ApiWebDB.Controllers.ClientesController.Get (ApiWebDB)"' (99874f2b)
2024-04-30T20:31:54.0935533-03:00 0HN39DMMKV98K:00000001 [INF] Request finished "HTTP/1.1" "GET" "http"://"localhost:5293""""/api/Clientes""" - 404 null "text/plain; charset=utf-8" 9108.7505ms (74253ad3)
2024-04-30T20:33:04.9230464-03:00  [INF] Now listening on: "http://localhost:5293" (d826f4b8)
2024-04-30T20:33:04.9320190-03:00  [INF] Application started. Press Ctrl+C to shut down. (dcaefe54)
2024-04-30T20:33:04.9406920-03:00  [INF] Hosting environment: "Development" (bc5a1a4e)
2024-04-30T20:33:04.9425981-03:00  [INF] Content root path: "C:\Users\João\source\repos\ParadigmasT2\ApiWebDB" (cc26f24e)
2024-04-30T20:33:06.0477116-03:00 0HN39DNH7D4AI:00000001 [INF] Request starting "HTTP/1.1" "GET" "http"://"localhost:5293""""/swagger/index.html""" - null null (d509f86a)
2024-04-30T20:33:06.1985005-03:00 0HN39DNH7D4AI:00000001 [INF] Request finished "HTTP/1.1" "GET" "http"://"localhost:5293""""/swagger/index.html""" - 200 null "text/html;charset=utf-8" 155.9782ms (74253ad3)
2024-04-30T20:33:06.2049201-03:00 0HN39DNH7D4AI:00000002 [INF] Request starting "HTTP/1.1" "GET" "http"://"localhost:5293""""/_framework/aspnetcore-browser-refresh.js""" - null null (d509f86a)
2024-04-30T20:33:06.2067989-03:00 0HN39DNH7D4AI:00000002 [INF] Request finished "HTTP/1.1" "GET" "http"://"localhost:5293""""/_framework/aspnetcore-browser-refresh.js""" - 200 13752 "application/javascript; charset=utf-8" 1.9804ms (74253ad3)
2024-04-30T20:33:06.2981453-03:00 0HN39DNH7D4AI:00000003 [INF] Request starting "HTTP/1.1" "GET" "http"://"localhost:5293""""/swagger/v1/swagger.json""" - null null (d509f86a)
2024-04-30T20:33:06.4049696-03:00 0HN39DNH7D4AI:00000003 [INF] Request finished "HTTP/1.1" "GET" "http"://"localhost:5293""""/swagger/v1/swagger.json""" - 200 null "application/json;charset=utf-8" 106.8885ms (74253ad3)
2024-04-30T20:33:50.2438681-03:00 0HN39DNH7D4AK:00000001 [INF] Request starting "HTTP/1.1" "POST" "http"://"localhost:5293""""/api/Clientes""" - "application/json" 116 (d509f86a)
2024-04-30T20:33:50.2505115-03:00 0HN39DNH7D4AK:00000001 [INF] Executing endpoint '"ApiWebDB.Controllers.ClientesController.Insert (ApiWebDB)"' (500cc934)
2024-04-30T20:33:50.2729314-03:00 0HN39DNH7D4AK:00000001 [INF] Route matched with "{action = \"Insert\", controller = \"Clientes\"}". Executing controller action with signature "Microsoft.AspNetCore.Mvc.ActionResult`1[APIWebDB.BaseDados.Models.TbCliente] Insert(ApiWebDB.Services.DTOs.ClienteDTO)" on controller "ApiWebDB.Controllers.ClientesController" ("ApiWebDB"). (122b2fdf)
2024-04-30T20:33:50.4876502-03:00 0HN39DNH7D4AK:00000001 [INF] Executing "BadRequestObjectResult", writing value of type '"System.String"'. (605b4265)
2024-04-30T20:33:50.4906480-03:00 0HN39DNH7D4AK:00000001 [INF] Executed action "ApiWebDB.Controllers.ClientesController.Insert (ApiWebDB)" in 215.1935ms (afa2e885)
2024-04-30T20:33:50.4907581-03:00 0HN39DNH7D4AK:00000001 [INF] Executed endpoint '"ApiWebDB.Controllers.ClientesController.Insert (ApiWebDB)"' (99874f2b)
2024-04-30T20:33:50.4919325-03:00 0HN39DNH7D4AK:00000001 [INF] Request finished "HTTP/1.1" "POST" "http"://"localhost:5293""""/api/Clientes""" - 400 null "text/plain; charset=utf-8" 248.1359ms (74253ad3)
2024-04-30T20:34:13.9863123-03:00 0HN39DNH7D4AL:00000001 [INF] Request starting "HTTP/1.1" "POST" "http"://"localhost:5293""""/api/Clientes""" - "application/json" 132 (d509f86a)
2024-04-30T20:34:13.9866710-03:00 0HN39DNH7D4AL:00000001 [INF] Executing endpoint '"ApiWebDB.Controllers.ClientesController.Insert (ApiWebDB)"' (500cc934)
2024-04-30T20:34:13.9868747-03:00 0HN39DNH7D4AL:00000001 [INF] Route matched with "{action = \"Insert\", controller = \"Clientes\"}". Executing controller action with signature "Microsoft.AspNetCore.Mvc.ActionResult`1[APIWebDB.BaseDados.Models.TbCliente] Insert(ApiWebDB.Services.DTOs.ClienteDTO)" on controller "ApiWebDB.Controllers.ClientesController" ("ApiWebDB"). (122b2fdf)
2024-04-30T20:34:14.0177224-03:00 0HN39DNH7D4AL:00000001 [INF] Executing "BadRequestObjectResult", writing value of type '"System.String"'. (605b4265)
2024-04-30T20:34:14.0180176-03:00 0HN39DNH7D4AL:00000001 [INF] Executed action "ApiWebDB.Controllers.ClientesController.Insert (ApiWebDB)" in 31.0773ms (afa2e885)
2024-04-30T20:34:14.0180632-03:00 0HN39DNH7D4AL:00000001 [INF] Executed endpoint '"ApiWebDB.Controllers.ClientesController.Insert (ApiWebDB)"' (99874f2b)
2024-04-30T20:34:14.0182146-03:00 0HN39DNH7D4AL:00000001 [INF] Request finished "HTTP/1.1" "POST" "http"://"localhost:5293""""/api/Clientes""" - 400 null "text/plain; charset=utf-8" 31.9565ms (74253ad3)
2024-04-30T20:34:27.6868529-03:00 0HN39DNH7D4AM:00000001 [INF] Request starting "HTTP/1.1" "POST" "http"://"localhost:5293""""/api/Clientes""" - "application/json" 132 (d509f86a)
2024-04-30T20:34:27.6871026-03:00 0HN39DNH7D4AM:00000001 [INF] Executing endpoint '"ApiWebDB.Controllers.ClientesController.Insert (ApiWebDB)"' (500cc934)
2024-04-30T20:34:27.6871749-03:00 0HN39DNH7D4AM:00000001 [INF] Route matched with "{action = \"Insert\", controller = \"Clientes\"}". Executing controller action with signature "Microsoft.AspNetCore.Mvc.ActionResult`1[APIWebDB.BaseDados.Models.TbCliente] Insert(ApiWebDB.Services.DTOs.ClienteDTO)" on controller "ApiWebDB.Controllers.ClientesController" ("ApiWebDB"). (122b2fdf)
2024-04-30T20:34:27.7118534-03:00 0HN39DNH7D4AM:00000001 [INF] Executing "BadRequestObjectResult", writing value of type '"System.String"'. (605b4265)
2024-04-30T20:34:27.7120364-03:00 0HN39DNH7D4AM:00000001 [INF] Executed action "ApiWebDB.Controllers.ClientesController.Insert (ApiWebDB)" in 24.8268ms (afa2e885)
2024-04-30T20:34:27.7120703-03:00 0HN39DNH7D4AM:00000001 [INF] Executed endpoint '"ApiWebDB.Controllers.ClientesController.Insert (ApiWebDB)"' (99874f2b)
2024-04-30T20:34:27.7121754-03:00 0HN39DNH7D4AM:00000001 [INF] Request finished "HTTP/1.1" "POST" "http"://"localhost:5293""""/api/Clientes""" - 400 null "text/plain; charset=utf-8" 25.3506ms (74253ad3)
2024-04-30T20:34:57.4621597-03:00 0HN39DNH7D4AN:00000001 [INF] Request starting "HTTP/1.1" "POST" "http"://"localhost:5293""""/api/Clientes""" - "application/json" 129 (d509f86a)
2024-04-30T20:34:57.4626282-03:00 0HN39DNH7D4AN:00000001 [INF] Executing endpoint '"ApiWebDB.Controllers.ClientesController.Insert (ApiWebDB)"' (500cc934)
2024-04-30T20:34:57.4627358-03:00 0HN39DNH7D4AN:00000001 [INF] Route matched with "{action = \"Insert\", controller = \"Clientes\"}". Executing controller action with signature "Microsoft.AspNetCore.Mvc.ActionResult`1[APIWebDB.BaseDados.Models.TbCliente] Insert(ApiWebDB.Services.DTOs.ClienteDTO)" on controller "ApiWebDB.Controllers.ClientesController" ("ApiWebDB"). (122b2fdf)
2024-04-30T20:34:58.5441286-03:00 0HN39DNH7D4AN:00000001 [INF] Executed DbCommand ("53"ms) [Parameters=["@p0='?' (DbType = DateTime2), @p1='?' (DbType = DateTime2), @p2='?', @p3='?' (DbType = DateTime2), @p4='?', @p5='?', @p6='?' (DbType = Int32)"], CommandType='Text', CommandTimeout='30']"
""INSERT INTO tb_clientes (alteradoem, criadoem, documento, nascimento, nome, telefone, tipodoc)
VALUES (@p0, @p1, @p2, @p3, @p4, @p5, @p6)
RETURNING id;" (0723d8ff)
2024-04-30T20:34:58.5757019-03:00 0HN39DNH7D4AN:00000001 [INF] Executing "OkObjectResult", writing value of type '"APIWebDB.BaseDados.Models.TbCliente"'. (605b4265)
2024-04-30T20:34:58.5884636-03:00 0HN39DNH7D4AN:00000001 [INF] Executed action "ApiWebDB.Controllers.ClientesController.Insert (ApiWebDB)" in 1125.6771ms (afa2e885)
2024-04-30T20:34:58.5885032-03:00 0HN39DNH7D4AN:00000001 [INF] Executed endpoint '"ApiWebDB.Controllers.ClientesController.Insert (ApiWebDB)"' (99874f2b)
2024-04-30T20:34:58.5936587-03:00 0HN39DNH7D4AN:00000001 [INF] Request finished "HTTP/1.1" "POST" "http"://"localhost:5293""""/api/Clientes""" - 200 null "application/json; charset=utf-8" 1131.5355ms (74253ad3)
2024-04-30T20:35:10.7703441-03:00 0HN39DNH7D4AO:00000001 [INF] Request starting "HTTP/1.1" "GET" "http"://"localhost:5293""""/api/Clientes""" - null null (d509f86a)
2024-04-30T20:35:10.7706434-03:00 0HN39DNH7D4AO:00000001 [INF] Executing endpoint '"ApiWebDB.Controllers.ClientesController.Get (ApiWebDB)"' (500cc934)
2024-04-30T20:35:10.7726663-03:00 0HN39DNH7D4AO:00000001 [INF] Route matched with "{action = \"Get\", controller = \"Clientes\"}". Executing controller action with signature "Microsoft.AspNetCore.Mvc.ActionResult`1[APIWebDB.BaseDados.Models.TbCliente] Get()" on controller "ApiWebDB.Controllers.ClientesController" ("ApiWebDB"). (122b2fdf)
2024-04-30T20:35:10.9537830-03:00 0HN39DNH7D4AO:00000001 [INF] Executed DbCommand ("2"ms) [Parameters=[""], CommandType='Text', CommandTimeout='30']"
""SELECT t.id, t.alteradoem, t.criadoem, t.documento, t.nascimento, t.nome, t.telefone, t.tipodoc
FROM tb_clientes AS t" (0723d8ff)
2024-04-30T20:35:10.9608785-03:00 0HN39DNH7D4AO:00000001 [INF] Executing "OkObjectResult", writing value of type '"System.Collections.Generic.List`1[[APIWebDB.BaseDados.Models.TbCliente, ApiWebDB, Version=1.0.0.0, Culture=neutral, PublicKeyToken=null]]"'. (605b4265)
2024-04-30T20:35:10.9618133-03:00 0HN39DNH7D4AO:00000001 [INF] Executed action "ApiWebDB.Controllers.ClientesController.Get (ApiWebDB)" in 189.0929ms (afa2e885)
2024-04-30T20:35:10.9618420-03:00 0HN39DNH7D4AO:00000001 [INF] Executed endpoint '"ApiWebDB.Controllers.ClientesController.Get (ApiWebDB)"' (99874f2b)
2024-04-30T20:35:10.9619650-03:00 0HN39DNH7D4AO:00000001 [INF] Request finished "HTTP/1.1" "GET" "http"://"localhost:5293""""/api/Clientes""" - 200 null "application/json; charset=utf-8" 191.6596ms (74253ad3)
2024-04-30T20:35:27.7085776-03:00 0HN39DNH7D4AP:00000001 [INF] Request starting "HTTP/1.1" "GET" "http"://"localhost:5293""""/api/Clientes/1""" - null null (d509f86a)
2024-04-30T20:35:27.7089309-03:00 0HN39DNH7D4AP:00000001 [INF] Executing endpoint '"ApiWebDB.Controllers.ClientesController.GetById (ApiWebDB)"' (500cc934)
2024-04-30T20:35:27.7122312-03:00 0HN39DNH7D4AP:00000001 [INF] Route matched with "{action = \"GetById\", controller = \"Clientes\"}". Executing controller action with signature "Microsoft.AspNetCore.Mvc.ActionResult`1[APIWebDB.BaseDados.Models.TbCliente] GetById(Int32)" on controller "ApiWebDB.Controllers.ClientesController" ("ApiWebDB"). (122b2fdf)
2024-04-30T20:35:27.8004259-03:00 0HN39DNH7D4AP:00000001 [INF] Executed DbCommand ("1"ms) [Parameters=["@__id_0='?' (DbType = Int32)"], CommandType='Text', CommandTimeout='30']"
""SELECT t.id, t.alteradoem, t.criadoem, t.documento, t.nascimento, t.nome, t.telefone, t.tipodoc
FROM tb_clientes AS t
WHERE t.id = @__id_0
LIMIT 1" (0723d8ff)
2024-04-30T20:35:27.8011383-03:00 0HN39DNH7D4AP:00000001 [INF] Executing "OkObjectResult", writing value of type '"APIWebDB.BaseDados.Models.TbCliente"'. (605b4265)
2024-04-30T20:35:27.8012803-03:00 0HN39DNH7D4AP:00000001 [INF] Executed action "ApiWebDB.Controllers.ClientesController.GetById (ApiWebDB)" in 88.9682ms (afa2e885)
2024-04-30T20:35:27.8012978-03:00 0HN39DNH7D4AP:00000001 [INF] Executed endpoint '"ApiWebDB.Controllers.ClientesController.GetById (ApiWebDB)"' (99874f2b)
2024-04-30T20:35:27.8013643-03:00 0HN39DNH7D4AP:00000001 [INF] Request finished "HTTP/1.1" "GET" "http"://"localhost:5293""""/api/Clientes/1""" - 200 null "application/json; charset=utf-8" 92.8626ms (74253ad3)
2024-04-30T20:36:08.5581236-03:00 0HN39DNH7D4AQ:00000001 [INF] Request starting "HTTP/1.1" "PUT" "http"://"localhost:5293""""/api/Clientes/1""" - "application/json" 122 (d509f86a)
2024-04-30T20:36:08.5605369-03:00 0HN39DNH7D4AQ:00000001 [INF] Executing endpoint '"ApiWebDB.Controllers.ClientesController.Update (ApiWebDB)"' (500cc934)
2024-04-30T20:36:08.5618751-03:00 0HN39DNH7D4AQ:00000001 [INF] Route matched with "{action = \"Update\", controller = \"Clientes\"}". Executing controller action with signature "Microsoft.AspNetCore.Mvc.ActionResult`1[APIWebDB.BaseDados.Models.TbCliente] Update(Int32, ApiWebDB.Services.DTOs.ClienteDTO)" on controller "ApiWebDB.Controllers.ClientesController" ("ApiWebDB"). (122b2fdf)
2024-04-30T20:36:08.5700632-03:00 0HN39DNH7D4AQ:00000001 [INF] Executed DbCommand ("0"ms) [Parameters=["@__id_0='?' (DbType = Int32)"], CommandType='Text', CommandTimeout='30']"
""SELECT t.id, t.alteradoem, t.criadoem, t.documento, t.nascimento, t.nome, t.telefone, t.tipodoc
FROM tb_clientes AS t
WHERE t.id = @__id_0
LIMIT 1" (0723d8ff)
2024-04-30T20:36:08.5740877-03:00 0HN39DNH7D4AQ:00000001 [INF] Executed DbCommand ("1"ms) [Parameters=["@__id_0='?' (DbType = Int32)"], CommandType='Text', CommandTimeout='30']"
""SELECT t.id, t.alteradoem, t.criadoem, t.documento, t.nascimento, t.nome, t.telefone, t.tipodoc
FROM tb_clientes AS t
WHERE t.id = @__id_0
LIMIT 1" (0723d8ff)
2024-04-30T20:36:08.5869231-03:00 0HN39DNH7D4AQ:00000001 [INF] Executed DbCommand ("7"ms) [Parameters=["@p7='?' (DbType = Int32), @p0='?' (DbType = DateTime2), @p1='?' (DbType = DateTime2), @p2='?', @p3='?' (DbType = DateTime2), @p4='?', @p5='?', @p6='?' (DbType = Int32)"], CommandType='Text', CommandTimeout='30']"
""UPDATE tb_clientes SET alteradoem = @p0, criadoem = @p1, documento = @p2, nascimento = @p3, nome = @p4, telefone = @p5, tipodoc = @p6
WHERE id = @p7;" (0723d8ff)
2024-04-30T20:36:08.5878463-03:00 0HN39DNH7D4AQ:00000001 [INF] Executing "OkObjectResult", writing value of type '"APIWebDB.BaseDados.Models.TbCliente"'. (605b4265)
2024-04-30T20:36:08.5880667-03:00 0HN39DNH7D4AQ:00000001 [INF] Executed action "ApiWebDB.Controllers.ClientesController.Update (ApiWebDB)" in 26.1531ms (afa2e885)
2024-04-30T20:36:08.5880903-03:00 0HN39DNH7D4AQ:00000001 [INF] Executed endpoint '"ApiWebDB.Controllers.ClientesController.Update (ApiWebDB)"' (99874f2b)
2024-04-30T20:36:08.5882612-03:00 0HN39DNH7D4AQ:00000001 [INF] Request finished "HTTP/1.1" "PUT" "http"://"localhost:5293""""/api/Clientes/1""" - 200 null "application/json; charset=utf-8" 32.9588ms (74253ad3)
2024-04-30T20:36:18.7330050-03:00 0HN39DNH7D4AR:00000001 [INF] Request starting "HTTP/1.1" "GET" "http"://"localhost:5293""""/api/Clientes""" - null null (d509f86a)
2024-04-30T20:36:18.7332660-03:00 0HN39DNH7D4AR:00000001 [INF] Executing endpoint '"ApiWebDB.Controllers.ClientesController.Get (ApiWebDB)"' (500cc934)
2024-04-30T20:36:18.7333524-03:00 0HN39DNH7D4AR:00000001 [INF] Route matched with "{action = \"Get\", controller = \"Clientes\"}". Executing controller action with signature "Microsoft.AspNetCore.Mvc.ActionResult`1[APIWebDB.BaseDados.Models.TbCliente] Get()" on controller "ApiWebDB.Controllers.ClientesController" ("ApiWebDB"). (122b2fdf)
2024-04-30T20:36:18.7368224-03:00 0HN39DNH7D4AR:00000001 [INF] Executed DbCommand ("0"ms) [Parameters=[""], CommandType='Text', CommandTimeout='30']"
""SELECT t.id, t.alteradoem, t.criadoem, t.documento, t.nascimento, t.nome, t.telefone, t.tipodoc
FROM tb_clientes AS t" (0723d8ff)
2024-04-30T20:36:18.7373520-03:00 0HN39DNH7D4AR:00000001 [INF] Executing "OkObjectResult", writing value of type '"System.Collections.Generic.List`1[[APIWebDB.BaseDados.Models.TbCliente, ApiWebDB, Version=1.0.0.0, Culture=neutral, PublicKeyToken=null]]"'. (605b4265)
2024-04-30T20:36:18.7375517-03:00 0HN39DNH7D4AR:00000001 [INF] Executed action "ApiWebDB.Controllers.ClientesController.Get (ApiWebDB)" in 4.1766ms (afa2e885)
2024-04-30T20:36:18.7375850-03:00 0HN39DNH7D4AR:00000001 [INF] Executed endpoint '"ApiWebDB.Controllers.ClientesController.Get (ApiWebDB)"' (99874f2b)
2024-04-30T20:36:18.7376969-03:00 0HN39DNH7D4AR:00000001 [INF] Request finished "HTTP/1.1" "GET" "http"://"localhost:5293""""/api/Clientes""" - 200 null "application/json; charset=utf-8" 4.8779ms (74253ad3)
2024-04-30T20:36:27.1730629-03:00 0HN39DNH7D4AS:00000001 [INF] Request starting "HTTP/1.1" "DELETE" "http"://"localhost:5293""""/api/Clientes/1""" - null null (d509f86a)
2024-04-30T20:36:27.1732582-03:00 0HN39DNH7D4AS:00000001 [INF] Executing endpoint '"ApiWebDB.Controllers.ClientesController.Delete (ApiWebDB)"' (500cc934)
2024-04-30T20:36:27.1747540-03:00 0HN39DNH7D4AS:00000001 [INF] Route matched with "{action = \"Delete\", controller = \"Clientes\"}". Executing controller action with signature "Microsoft.AspNetCore.Mvc.ActionResult`1[APIWebDB.BaseDados.Models.TbCliente] Delete(Int32)" on controller "ApiWebDB.Controllers.ClientesController" ("ApiWebDB"). (122b2fdf)
2024-04-30T20:36:27.1798315-03:00 0HN39DNH7D4AS:00000001 [INF] Executed DbCommand ("1"ms) [Parameters=["@__id_0='?' (DbType = Int32)"], CommandType='Text', CommandTimeout='30']"
""SELECT t.id, t.alteradoem, t.criadoem, t.documento, t.nascimento, t.nome, t.telefone, t.tipodoc
FROM tb_clientes AS t
WHERE t.id = @__id_0
LIMIT 1" (0723d8ff)
2024-04-30T20:36:27.1979115-03:00 0HN39DNH7D4AS:00000001 [INF] Executed DbCommand ("11"ms) [Parameters=["@p0='?' (DbType = Int32)"], CommandType='Text', CommandTimeout='30']"
""DELETE FROM tb_clientes
WHERE id = @p0;" (0723d8ff)
2024-04-30T20:36:27.2021006-03:00 0HN39DNH7D4AS:00000001 [INF] Executing StatusCodeResult, setting HTTP status code 204 (3fe03d2f)
2024-04-30T20:36:27.2021640-03:00 0HN39DNH7D4AS:00000001 [INF] Executed action "ApiWebDB.Controllers.ClientesController.Delete (ApiWebDB)" in 27.3251ms (afa2e885)
2024-04-30T20:36:27.2021803-03:00 0HN39DNH7D4AS:00000001 [INF] Executed endpoint '"ApiWebDB.Controllers.ClientesController.Delete (ApiWebDB)"' (99874f2b)
2024-04-30T20:36:27.2023165-03:00 0HN39DNH7D4AS:00000001 [INF] Request finished "HTTP/1.1" "DELETE" "http"://"localhost:5293""""/api/Clientes/1""" - 204 null null 29.3171ms (74253ad3)
2024-04-30T20:36:37.3564082-03:00 0HN39DNH7D4AT:00000001 [INF] Request starting "HTTP/1.1" "GET" "http"://"localhost:5293""""/api/Clientes""" - null null (d509f86a)
2024-04-30T20:36:37.3566215-03:00 0HN39DNH7D4AT:00000001 [INF] Executing endpoint '"ApiWebDB.Controllers.ClientesController.Get (ApiWebDB)"' (500cc934)
2024-04-30T20:36:37.3567095-03:00 0HN39DNH7D4AT:00000001 [INF] Route matched with "{action = \"Get\", controller = \"Clientes\"}". Executing controller action with signature "Microsoft.AspNetCore.Mvc.ActionResult`1[APIWebDB.BaseDados.Models.TbCliente] Get()" on controller "ApiWebDB.Controllers.ClientesController" ("ApiWebDB"). (122b2fdf)
2024-04-30T20:36:37.3608264-03:00 0HN39DNH7D4AT:00000001 [INF] Executed DbCommand ("0"ms) [Parameters=[""], CommandType='Text', CommandTimeout='30']"
""SELECT t.id, t.alteradoem, t.criadoem, t.documento, t.nascimento, t.nome, t.telefone, t.tipodoc
FROM tb_clientes AS t" (0723d8ff)
2024-04-30T20:36:37.3873321-03:00 0HN39DNH7D4AT:00000001 [INF] Executing "NotFoundObjectResult", writing value of type '"System.String"'. (605b4265)
2024-04-30T20:36:37.3875719-03:00 0HN39DNH7D4AT:00000001 [INF] Executed action "ApiWebDB.Controllers.ClientesController.Get (ApiWebDB)" in 30.8268ms (afa2e885)
2024-04-30T20:36:37.3876426-03:00 0HN39DNH7D4AT:00000001 [INF] Executed endpoint '"ApiWebDB.Controllers.ClientesController.Get (ApiWebDB)"' (99874f2b)
2024-04-30T20:36:37.3878159-03:00 0HN39DNH7D4AT:00000001 [INF] Request finished "HTTP/1.1" "GET" "http"://"localhost:5293""""/api/Clientes""" - 404 null "text/plain; charset=utf-8" 31.4304ms (74253ad3)
